2019-01-03 18:26:20 +0000  Initial pipeline context: <IDEDistributionProcessingPipelineContext: 0x7f9248b5e790; archive(resolved)='<IDEArchive: 0x7f92490ab1d0>', distributionTask(resolved)='2', distributionDestination(resolved)='1', distributionMethod(resolved)='<IDEDistributionMethodAdHoc: 0x7f924671a5f0>', team(resolved)='<IDEProvisioningDisambiguatableBasicTeam: 0x7f924abe9a70; teamID='6BB42LR4PM', teamName='Joseph Oliveira', teamType='Individual', username='larrybillybobthortin@yahoo.com', isFreeProvisioningTeam='0'>'>
	Chain (12, self inclusive):
	<IDEDistributionProcessingPipelineContext: 0x7f9248b5e790; archive = '<IDEArchive: 0x7f92490ab1d0>', distributionMethod='<IDEDistributionMethodAdHoc: 0x7f924671a5f0>', team='<IDEProvisioningDisambiguatableBasicTeam: 0x7f924abe9a70; teamID='6BB42LR4PM', teamName='Joseph Oliveira', teamType='Individual', username='larrybillybobthortin@yahoo.com', isFreeProvisioningTeam='0'>'>
	<IDEDistributionProcessingPipelineContext: 0x7f9238772660; archive = '<IDEArchive: 0x7f92490ab1d0>', distributionMethod='<IDEDistributionMethodAdHoc: 0x7f924671a5f0>', team='<IDEProvisioningDisambiguatableBasicTeam: 0x7f924abe9a70; teamID='6BB42LR4PM', teamName='Joseph Oliveira', teamType='Individual', username='larrybillybobthortin@yahoo.com', isFreeProvisioningTeam='0'>'>
	<IDEDistributionContext: 0x7f9238176bd0; archive = '<IDEArchive: 0x7f92490ab1d0>', distributionMethod='<IDEDistributionMethodAdHoc: 0x7f924671a5f0>', team='<IDEProvisioningDisambiguatableBasicTeam: 0x7f924abe9a70; teamID='6BB42LR4PM', teamName='Joseph Oliveira', teamType='Individual', username='larrybillybobthortin@yahoo.com', isFreeProvisioningTeam='0'>'>
	<IDEDistributionContext: 0x7f923938b950; archive = '<IDEArchive: 0x7f92490ab1d0>', distributionMethod='<IDEDistributionMethodAdHoc: 0x7f924671a5f0>', team='<IDEProvisioningDisambiguatableBasicTeam: 0x7f924abe9a70; teamID='6BB42LR4PM', teamName='Joseph Oliveira', teamType='Individual', username='larrybillybobthortin@yahoo.com', isFreeProvisioningTeam='0'>'>
	<IDEDistributionContext: 0x7f9239e7cdd0; archive = '<IDEArchive: 0x7f92490ab1d0>', distributionMethod='<IDEDistributionMethodAdHoc: 0x7f924671a5f0>', team='<IDEProvisioningDisambiguatableBasicTeam: 0x7f924abe9a70; teamID='6BB42LR4PM', teamName='Joseph Oliveira', teamType='Individual', username='larrybillybobthortin@yahoo.com', isFreeProvisioningTeam='0'>'>
	<IDEDistributionContext: 0x7f9237464170; archive = '<IDEArchive: 0x7f92490ab1d0>', distributionMethod='<IDEDistributionMethodAdHoc: 0x7f924671a5f0>', team='<IDEProvisioningDisambiguatableBasicTeam: 0x7f924abe9a70; teamID='6BB42LR4PM', teamName='Joseph Oliveira', teamType='Individual', username='larrybillybobthortin@yahoo.com', isFreeProvisioningTeam='0'>'>
	<IDEDistributionContext: 0x7f923945a050; archive = '<IDEArchive: 0x7f92490ab1d0>', distributionMethod='<IDEDistributionMethodAdHoc: 0x7f924671a5f0>', team='<IDEProvisioningDisambiguatableBasicTeam: 0x7f924abe9a70; teamID='6BB42LR4PM', teamName='Joseph Oliveira', teamType='Individual', username='larrybillybobthortin@yahoo.com', isFreeProvisioningTeam='0'>'>
	<IDEDistributionContext: 0x7f9237be5d20; archive = '<IDEArchive: 0x7f92490ab1d0>', distributionMethod='<IDEDistributionMethodAdHoc: 0x7f924671a5f0>', team='<IDEProvisioningDisambiguatableBasicTeam: 0x7f924abe9a70; teamID='6BB42LR4PM', teamName='Joseph Oliveira', teamType='Individual', username='larrybillybobthortin@yahoo.com', isFreeProvisioningTeam='0'>'>
	<IDEDistributionContext: 0x7f92392a6ac0; archive = '<IDEArchive: 0x7f92490ab1d0>', distributionMethod='<IDEDistributionMethodAdHoc: 0x7f924671a5f0>', team='<IDEProvisioningDisambiguatableBasicTeam: 0x7f924abe9a70; teamID='6BB42LR4PM', teamName='Joseph Oliveira', teamType='Individual', username='larrybillybobthortin@yahoo.com', isFreeProvisioningTeam='0'>'>
	<IDEDistributionContext: 0x7f92375c5750; archive = '<IDEArchive: 0x7f92490ab1d0>', distributionMethod='<IDEDistributionMethodAdHoc: 0x7f924671a5f0>', team='(null)'>
	<IDEDistributionContext: 0x7f92391e0290; archive = '<IDEArchive: 0x7f92490ab1d0>', distributionMethod='<IDEDistributionMethodAdHoc: 0x7f924671a5f0>', team='(null)'>
	<IDEDistributionContext: 0x7f9239532d50; archive = '<IDEArchive: 0x7f92490ab1d0>', distributionMethod='(null)', team='(null)'>
</IDEDistributionProcessingPipelineContext: 0x7f9248b5e790>
2019-01-03 18:26:20 +0000  Processing step: IDEDistributionCreateDestRootStep
2019-01-03 18:26:20 +0000  Processing step: IDEDistributionCopyItemStep
2019-01-03 18:26:20 +0000  Running /usr/bin/ditto '-V' '/Users/joeoliveira/Library/Developer/Xcode/Archives/2019-01-03/Tower Diver 1-3-19, 10.26 AM.xcarchive/Products/Applications/Tower Diver.app' '/var/folders/rl/qt7ddmx51vg2714p2rz78r3m0000gn/T/XcodeDistPipeline.uGR/Root/Payload/Tower Diver.app'
2019-01-03 18:26:20 +0000  >>> Copying /Users/joeoliveira/Library/Developer/Xcode/Archives/2019-01-03/Tower Diver 1-3-19, 10.26 AM.xcarchive/Products/Applications/Tower Diver.app 
2019-01-03 18:26:20 +0000  copying file ./Asura.png ... 
2019-01-03 18:26:20 +0000  93347 bytes for ./Asura.png
2019-01-03 18:26:20 +0000  copying file ./_CodeSignature/CodeResources ... 
2019-01-03 18:26:20 +0000  45103 bytes for ./_CodeSignature/CodeResources
2019-01-03 18:26:20 +0000  copying file ./Tent.png ... 
2019-01-03 18:26:20 +0000  2138082 bytes for ./Tent.png
2019-01-03 18:26:20 +0000  copying file ./Rogue.png ... 
33127 bytes for ./Rogue.png
copying file ./Ice Sorceress.png ... 
2019-01-03 18:26:20 +0000  1561573 bytes for ./Ice Sorceress.png
copying file ./Ifrit.png ... 
2019-01-03 18:26:20 +0000  168169 bytes for ./Ifrit.png
2019-01-03 18:26:20 +0000  copying file ./Weapons.png ... 
2019-01-03 18:26:20 +0000  696215 bytes for ./Weapons.png
2019-01-03 18:26:20 +0000  copying file ./Windspirit.png ... 
2019-01-03 18:26:20 +0000  177422 bytes for ./Windspirit.png
copying file ./Plant.png ... 
2019-01-03 18:26:20 +0000  52695 bytes for ./Plant.png
copying file ./Lamia.png ... 
2019-01-03 18:26:20 +0000  104764 bytes for ./Lamia.png
2019-01-03 18:26:20 +0000  copying file ./Spider.png ... 
2019-01-03 18:26:20 +0000  52012 bytes for ./Spider.png
copying file ./Hero_m.png ... 
2019-01-03 18:26:20 +0000  52822 bytes for ./Hero_m.png
2019-01-03 18:26:20 +0000  copying file ./Assassin.png ... 
2019-01-03 18:26:20 +0000  30053 bytes for ./Assassin.png
2019-01-03 18:26:20 +0000  copying file ./Title.png ... 
2019-01-03 18:26:20 +0000  24357 bytes for ./Title.png
copying file ./Soldier.png ... 
2019-01-03 18:26:20 +0000  30413 bytes for ./Soldier.png
copying file ./Ogre.png ... 
2019-01-03 18:26:20 +0000  115765 bytes for ./Ogre.png
2019-01-03 18:26:20 +0000  copying file ./Trap.png ... 
2019-01-03 18:26:20 +0000  453962 bytes for ./Trap.png
2019-01-03 18:26:20 +0000  copying file ./TreasureChest.png ... 
2019-01-03 18:26:20 +0000  161778 bytes for ./TreasureChest.png
copying file ./Bricks.png ... 
2019-01-03 18:26:20 +0000  1337 bytes for ./Bricks.png
2019-01-03 18:26:20 +0000  copying file ./Potion.png ... 
2019-01-03 18:26:20 +0000  4241788 bytes for ./Potion.png
copying file ./Orc.png ... 
2019-01-03 18:26:20 +0000  32443 bytes for ./Orc.png
copying file ./Kerberos.png ... 
40046 bytes for ./Kerberos.png
copying file ./Minotaur.png ... 
2019-01-03 18:26:20 +0000  3287051 bytes for ./Minotaur.png
copying file ./Mage.png ... 
2019-01-03 18:26:20 +0000  52600 bytes for ./Mage.png
copying file ./Thief_m.png ... 
31347 bytes for ./Thief_m.png
copying file ./HellBricks.png ... 
1280 bytes for ./HellBricks.png
2019-01-03 18:26:20 +0000  copying file ./Thief.png ... 
2019-01-03 18:26:20 +0000  30347 bytes for ./Thief.png
copying file ./Waterspirit.png ... 
2019-01-03 18:26:20 +0000  86039 bytes for ./Waterspirit.png
copying file ./Treasure Mimic.png ... 
2019-01-03 18:26:20 +0000  2235268 bytes for ./Treasure Mimic.png
copying file ./Goddess.png ... 
2019-01-03 18:26:20 +0000  91119 bytes for ./Goddess.png
copying file ./Cleric_f.png ... 
39436 bytes for ./Cleric_f.png
2019-01-03 18:26:20 +0000  copying file ./Wizard.png ... 
2019-01-03 18:26:20 +0000  704965 bytes for ./Wizard.png
2019-01-03 18:26:20 +0000  copying file ./Rat.png ... 
2019-01-03 18:26:20 +0000  15746 bytes for ./Rat.png
copying file ./Warrior.png ... 
2019-01-03 18:26:20 +0000  32486 bytes for ./Warrior.png
copying file ./Priest.png ... 
2019-01-03 18:26:20 +0000  50658 bytes for ./Priest.png
copying file ./Curse.jpg ... 
2019-01-03 18:26:20 +0000  13847 bytes for ./Curse.jpg
copying file ./Curse.png ... 
2019-01-03 18:26:20 +0000  2321135 bytes for ./Curse.png
2019-01-03 18:26:20 +0000  copying file ./BadMerchant.png ... 
2019-01-03 18:26:20 +0000  1309071 bytes for ./BadMerchant.png
copying file ./Paladin_m.png ... 
48275 bytes for ./Paladin_m.png
2019-01-03 18:26:20 +0000  copying file ./Dragon.png ... 
2019-01-03 18:26:20 +0000  159512 bytes for ./Dragon.png
copying file ./Slime.png ... 
2019-01-03 18:26:20 +0000  796345 bytes for ./Slime.png
copying file ./Grappler_m.png ... 
2019-01-03 18:26:20 +0000  28188 bytes for ./Grappler_m.png
copying file ./Angel.png ... 
2019-01-03 18:26:20 +0000  104019 bytes for ./Angel.png
copying file ./Swordman.png ... 
2019-01-03 18:26:20 +0000  45852 bytes for ./Swordman.png
copying file ./God.png ... 
2019-01-03 18:26:20 +0000  64049 bytes for ./God.png
2019-01-03 18:26:20 +0000  copying file ./Puppet.png ... 
2019-01-03 18:26:20 +0000  14599 bytes for ./Puppet.png
copying file ./Hole.png ... 
2019-01-03 18:26:20 +0000  1545558 bytes for ./Hole.png
copying file ./Fairy.png ... 
2019-01-03 18:26:20 +0000  23875 bytes for ./Fairy.png
2019-01-03 18:26:20 +0000  copying file ./Imp.png ... 
2019-01-03 18:26:20 +0000  14966 bytes for ./Imp.png
copying file ./Arrow.png ... 
2019-01-03 18:26:20 +0000  346185 bytes for ./Arrow.png
2019-01-03 18:26:20 +0000  copying file ./Hamburger.png ... 
2019-01-03 18:26:20 +0000  158 bytes for ./Hamburger.png
2019-01-03 18:26:20 +0000  copying file ./Fanatic.png ... 
2019-01-03 18:26:20 +0000  40353 bytes for ./Fanatic.png
copying file ./Captain.png ... 
2019-01-03 18:26:20 +0000  50115 bytes for ./Captain.png
copying file ./Delf_f.png ... 
2019-01-03 18:26:20 +0000  45125 bytes for ./Delf_f.png
copying file ./Werewolf.png ... 
2019-01-03 18:26:20 +0000  43666 bytes for ./Werewolf.png
2019-01-03 18:26:20 +0000  copying file ./Base.lproj/Main.storyboardc/FgF-B5-s2s-view-xAi-PX-m4T.nib/objects-11.0+.nib ... 
7826 bytes for ./Base.lproj/Main.storyboardc/FgF-B5-s2s-view-xAi-PX-m4T.nib/objects-11.0+.nib
copying file ./Base.lproj/Main.storyboardc/FgF-B5-s2s-view-xAi-PX-m4T.nib/runtime.nib ... 
7967 bytes for ./Base.lproj/Main.storyboardc/FgF-B5-s2s-view-xAi-PX-m4T.nib/runtime.nib
copying file ./Base.lproj/Main.storyboardc/UIViewController-BYZ-38-t0r.nib/objects-11.0+.nib ... 
1365 bytes for ./Base.lproj/Main.storyboardc/UIViewController-BYZ-38-t0r.nib/objects-11.0+.nib
copying file ./Base.lproj/Main.storyboardc/UIViewController-BYZ-38-t0r.nib/runtime.nib ... 
1365 bytes for ./Base.lproj/Main.storyboardc/UIViewController-BYZ-38-t0r.nib/runtime.nib
copying file ./Base.lproj/Main.storyboardc/8v4-7S-AZo-view-Ggr-FE-ezM.nib/objects-11.0+.nib ... 
2019-01-03 18:26:20 +0000  4952 bytes for ./Base.lproj/Main.storyboardc/8v4-7S-AZo-view-Ggr-FE-ezM.nib/objects-11.0+.nib
copying file ./Base.lproj/Main.storyboardc/8v4-7S-AZo-view-Ggr-FE-ezM.nib/runtime.nib ... 
2019-01-03 18:26:20 +0000  5087 bytes for ./Base.lproj/Main.storyboardc/8v4-7S-AZo-view-Ggr-FE-ezM.nib/runtime.nib
2019-01-03 18:26:20 +0000  copying file ./Base.lproj/Main.storyboardc/CharacterCreation.nib/objects-11.0+.nib ... 
2019-01-03 18:26:20 +0000  1326 bytes for ./Base.lproj/Main.storyboardc/CharacterCreation.nib/objects-11.0+.nib
copying file ./Base.lproj/Main.storyboardc/CharacterCreation.nib/runtime.nib ... 
2019-01-03 18:26:20 +0000  1326 bytes for ./Base.lproj/Main.storyboardc/CharacterCreation.nib/runtime.nib
2019-01-03 18:26:20 +0000  copying file ./Base.lproj/Main.storyboardc/BYZ-38-t0r-view-8bC-Xf-vdC.nib/objects-11.0+.nib ... 
10660 bytes for ./Base.lproj/Main.storyboardc/BYZ-38-t0r-view-8bC-Xf-vdC.nib/objects-11.0+.nib
copying file ./Base.lproj/Main.storyboardc/BYZ-38-t0r-view-8bC-Xf-vdC.nib/runtime.nib ... 
10780 bytes for ./Base.lproj/Main.storyboardc/BYZ-38-t0r-view-8bC-Xf-vdC.nib/runtime.nib
copying file ./Base.lproj/Main.storyboardc/TitleScreen.nib/objects-11.0+.nib ... 
1326 bytes for ./Base.lproj/Main.storyboardc/TitleScreen.nib/objects-11.0+.nib
copying file ./Base.lproj/Main.storyboardc/TitleScreen.nib/runtime.nib ... 
1326 bytes for ./Base.lproj/Main.storyboardc/TitleScreen.nib/runtime.nib
copying file ./Base.lproj/Main.storyboardc/9fh-Sz-7Rt-view-0Fd-fM-l54.nib/objects-11.0+.nib ... 
2019-01-03 18:26:20 +0000  10617 bytes for ./Base.lproj/Main.storyboardc/9fh-Sz-7Rt-view-0Fd-fM-l54.nib/objects-11.0+.nib
copying file ./Base.lproj/Main.storyboardc/9fh-Sz-7Rt-view-0Fd-fM-l54.nib/runtime.nib ... 
2019-01-03 18:26:20 +0000  10733 bytes for ./Base.lproj/Main.storyboardc/9fh-Sz-7Rt-view-0Fd-fM-l54.nib/runtime.nib
2019-01-03 18:26:20 +0000  copying file ./Base.lproj/Main.storyboardc/UINavigationController-ckv-aE-aSr.nib/objects-11.0+.nib ... 
2019-01-03 18:26:20 +0000  2211 bytes for ./Base.lproj/Main.storyboardc/UINavigationController-ckv-aE-aSr.nib/objects-11.0+.nib
2019-01-03 18:26:20 +0000  copying file ./Base.lproj/Main.storyboardc/UINavigationController-ckv-aE-aSr.nib/runtime.nib ... 
2019-01-03 18:26:20 +0000  2211 bytes for ./Base.lproj/Main.storyboardc/UINavigationController-ckv-aE-aSr.nib/runtime.nib
2019-01-03 18:26:20 +0000  copying file ./Base.lproj/Main.storyboardc/CharacterCreation2.nib/objects-11.0+.nib ... 
2019-01-03 18:26:20 +0000  1288 bytes for ./Base.lproj/Main.storyboardc/CharacterCreation2.nib/objects-11.0+.nib
2019-01-03 18:26:20 +0000  copying file ./Base.lproj/Main.storyboardc/CharacterCreation2.nib/runtime.nib ... 
2019-01-03 18:26:20 +0000  1288 bytes for ./Base.lproj/Main.storyboardc/CharacterCreation2.nib/runtime.nib
copying file ./Base.lproj/Main.storyboardc/Info.plist ... 
437 bytes for ./Base.lproj/Main.storyboardc/Info.plist
2019-01-03 18:26:20 +0000  copying file ./Base.lproj/Main.storyboardc/PrU-7q-6s7-view-Oj6-Z3-AgI.nib/objects-11.0+.nib ... 
10652 bytes for ./Base.lproj/Main.storyboardc/PrU-7q-6s7-view-Oj6-Z3-AgI.nib/objects-11.0+.nib
copying file ./Base.lproj/Main.storyboardc/PrU-7q-6s7-view-Oj6-Z3-AgI.nib/runtime.nib ... 
10706 bytes for ./Base.lproj/Main.storyboardc/PrU-7q-6s7-view-Oj6-Z3-AgI.nib/runtime.nib
copying file ./Base.lproj/LaunchScreen.storyboardc/01J-lp-oVM-view-Ze5-6b-2t3.nib ... 
1985 bytes for ./Base.lproj/LaunchScreen.storyboardc/01J-lp-oVM-view-Ze5-6b-2t3.nib
copying file ./Base.lproj/LaunchScreen.storyboardc/UIViewController-01J-lp-oVM.nib ... 
832 bytes for ./Base.lproj/LaunchScreen.storyboardc/UIViewController-01J-lp-oVM.nib
copying file ./Base.lproj/LaunchScreen.storyboardc/Info.plist ... 
258 bytes for ./Base.lproj/LaunchScreen.storyboardc/Info.plist
copying file ./Ghost.png ... 
2019-01-03 18:26:20 +0000  36676 bytes for ./Ghost.png
copying file ./Scythe.png ... 
234395 bytes for ./Scythe.png
copying file ./Evilgod.png ... 
201557 bytes for ./Evilgod.png
copying file ./Willowisp.png ... 
34577 bytes for ./Willowisp.png
copying file ./Grappler_f.png ... 
2019-01-03 18:26:20 +0000  23201 bytes for ./Grappler_f.png
copying file ./Sack Mimic.png ... 
2019-01-03 18:26:20 +0000  835152 bytes for ./Sack Mimic.png
2019-01-03 18:26:20 +0000  copying file ./TitleScreen.png ... 
2019-01-03 18:26:20 +0000  875648 bytes for ./TitleScreen.png
2019-01-03 18:26:20 +0000  copying file ./Garuda.png ... 
2019-01-03 18:26:20 +0000  196413 bytes for ./Garuda.png
copying file ./Darklord.png ... 
2019-01-03 18:26:20 +0000  199424 bytes for ./Darklord.png
copying file ./Squirrel.png ... 
2019-01-03 18:26:20 +0000  724191 bytes for ./Squirrel.png
copying file ./Sword.png ... 
2019-01-03 18:26:20 +0000  282777 bytes for ./Sword.png
copying file ./Merchant.png ... 
2019-01-03 18:26:20 +0000  1305692 bytes for ./Merchant.png
2019-01-03 18:26:20 +0000  copying file ./Elevator.png ... 
2019-01-03 18:26:20 +0000  1947905 bytes for ./Elevator.png
copying file ./Evilking.png ... 
2019-01-03 18:26:20 +0000  158564 bytes for ./Evilking.png
copying file ./Earthspirit.png ... 
2019-01-03 18:26:20 +0000  158623 bytes for ./Earthspirit.png
copying file ./Cleric_m.png ... 
2019-01-03 18:26:20 +0000  37636 bytes for ./Cleric_m.png
copying file ./Dead.png ... 
2019-01-03 18:26:20 +0000  182175 bytes for ./Dead.png
copying file ./Chimera.png ... 
2019-01-03 18:26:20 +0000  125746 bytes for ./Chimera.png
copying file ./Behemoth.png ... 
1777958 bytes for ./Behemoth.png
copying file ./Zombie.png ... 
25058 bytes for ./Zombie.png
copying file ./Delf_m.png ... 
29425 bytes for ./Delf_m.png
copying file ./Goblin.png ... 
32443 bytes for ./Goblin.png
copying file ./Firespirit.png ... 
2019-01-03 18:26:20 +0000  152496 bytes for ./Firespirit.png
copying file ./Jellyfish.png ... 
42504 bytes for ./Jellyfish.png
2019-01-03 18:26:20 +0000  copying file ./Paladin.png ... 
2019-01-03 18:26:20 +0000  52195 bytes for ./Paladin.png
copying file ./Hero_f.png ... 
2019-01-03 18:26:20 +0000  47667 bytes for ./Hero_f.png
copying file ./Succubus.png ... 
2019-01-03 18:26:20 +0000  675774 bytes for ./Succubus.png
copying file ./Bat.png ... 
14278 bytes for ./Bat.png
copying file ./Star.png ... 
2019-01-03 18:26:20 +0000  228800 bytes for ./Star.png
copying file ./Tower Diver ... 
2163776 bytes for ./Tower Diver
copying file ./Fire Sorceress.png ... 
1318698 bytes for ./Fire Sorceress.png
copying file ./Cockatrice.png ... 
2019-01-03 18:26:21 +0000  37546 bytes for ./Cockatrice.png
copying file ./Bandit.png ... 
30379 bytes for ./Bandit.png
copying file ./Frameworks/libswiftCoreImage.dylib ... 
463984 bytes for ./Frameworks/libswiftCoreImage.dylib
copying file ./Frameworks/libswiftObjectiveC.dylib ... 
676704 bytes for ./Frameworks/libswiftObjectiveC.dylib
copying file ./Frameworks/libswiftCore.dylib ... 
2019-01-03 18:26:21 +0000  98312976 bytes for ./Frameworks/libswiftCore.dylib
copying file ./Frameworks/libswiftCoreGraphics.dylib ... 
2019-01-03 18:26:21 +0000  2342512 bytes for ./Frameworks/libswiftCoreGraphics.dylib
copying file ./Frameworks/libswiftUIKit.dylib ... 
2019-01-03 18:26:21 +0000  1987552 bytes for ./Frameworks/libswiftUIKit.dylib
copying file ./Frameworks/libswiftMetal.dylib ... 
2019-01-03 18:26:21 +0000  722032 bytes for ./Frameworks/libswiftMetal.dylib
copying file ./Frameworks/libswiftDispatch.dylib ... 
2019-01-03 18:26:21 +0000  4229072 bytes for ./Frameworks/libswiftDispatch.dylib
copying file ./Frameworks/libswiftos.dylib ... 
2019-01-03 18:26:21 +0000  874304 bytes for ./Frameworks/libswiftos.dylib
copying file ./Frameworks/libswiftCoreFoundation.dylib ... 
2019-01-03 18:26:21 +0000  398000 bytes for ./Frameworks/libswiftCoreFoundation.dylib
copying file ./Frameworks/libswiftDarwin.dylib ... 
2019-01-03 18:26:21 +0000  1091888 bytes for ./Frameworks/libswiftDarwin.dylib
copying file ./Frameworks/libswiftQuartzCore.dylib ... 
2019-01-03 18:26:21 +0000  468000 bytes for ./Frameworks/libswiftQuartzCore.dylib
2019-01-03 18:26:21 +0000  copying file ./Frameworks/libswiftFoundation.dylib ... 
2019-01-03 18:26:21 +0000  42507584 bytes for ./Frameworks/libswiftFoundation.dylib
2019-01-03 18:26:21 +0000  copying file ./Frameworks/SideMenu.framework/_CodeSignature/CodeResources ... 
2019-01-03 18:26:21 +0000  1798 bytes for ./Frameworks/SideMenu.framework/_CodeSignature/CodeResources
copying file ./Frameworks/SideMenu.framework/SideMenu ... 
2019-01-03 18:26:21 +0000  2302448 bytes for ./Frameworks/SideMenu.framework/SideMenu
copying file ./Frameworks/SideMenu.framework/Info.plist ... 
736 bytes for ./Frameworks/SideMenu.framework/Info.plist
copying file ./Mark.png ... 
89256 bytes for ./Mark.png
copying file ./Skeleton.png ... 
42892 bytes for ./Skeleton.png
copying file ./QuestionMark_.png ... 
2019-01-03 18:26:21 +0000  4528 bytes for ./QuestionMark_.png
copying file ./General.png ... 
62581 bytes for ./General.png
copying file ./embedded.mobileprovision ... 
18036 bytes for ./embedded.mobileprovision
copying file ./Death.png ... 
75725 bytes for ./Death.png
copying file ./Hornet.png ... 
2019-01-03 18:26:21 +0000  12908 bytes for ./Hornet.png
copying file ./Crown.png ... 
2019-01-03 18:26:21 +0000  421574 bytes for ./Crown.png
copying file ./Demon.png ... 
2019-01-03 18:26:21 +0000  195300 bytes for ./Demon.png
2019-01-03 18:26:21 +0000  copying file ./Info.plist ... 
2019-01-03 18:26:21 +0000  1118 bytes for ./Info.plist
2019-01-03 18:26:21 +0000  copying file ./Staff.png ... 
2019-01-03 18:26:21 +0000  205763 bytes for ./Staff.png
copying file ./Sahagin.png ... 
2019-01-03 18:26:21 +0000  41934 bytes for ./Sahagin.png
2019-01-03 18:26:21 +0000  copying file ./Snake.png ... 
2019-01-03 18:26:21 +0000  42109 bytes for ./Snake.png
copying file ./Gargoyle.png ... 
2019-01-03 18:26:21 +0000  48774 bytes for ./Gargoyle.png
copying file ./PkgInfo ... 
2019-01-03 18:26:21 +0000  8 bytes for ./PkgInfo
copying file ./Scorpion.png ... 
2019-01-03 18:26:21 +0000  42816 bytes for ./Scorpion.png
copying file ./Gold.png ... 
2019-01-03 18:26:21 +0000  265315 bytes for ./Gold.png
copying file ./Vampire.png ... 
2019-01-03 18:26:21 +0000  59401 bytes for ./Vampire.png
2019-01-03 18:26:21 +0000  copying file ./Gayzer.png ... 
2019-01-03 18:26:21 +0000  51329 bytes for ./Gayzer.png
2019-01-03 18:26:21 +0000  /usr/bin/ditto exited with 0
2019-01-03 18:26:21 +0000  Processing step: IDEDistributionEmbedProfileStep
2019-01-03 18:26:21 +0000  Skipping profile for item: <IDEDistributionItem: 0x7f923995f2e0 'org.cocoapods.SideMenu' '<DVTFilePath:0x7f9237198fe0:'/Users/joeoliveira/Library/Developer/Xcode/Archives/2019-01-03/Tower Diver 1-3-19, 10.26 AM.xcarchive/Products/Applications/Tower Diver.app/Frameworks/SideMenu.framework'>'>
2019-01-03 18:26:21 +0000  Skipping profile for item: <IDEDistributionItem: 0x7f92395170e0 'com.apple.dt.runtime.swiftCore' '<DVTFilePath:0x7f924edbea90:'/Users/joeoliveira/Library/Developer/Xcode/Archives/2019-01-03/Tower Diver 1-3-19, 10.26 AM.xcarchive/Products/Applications/Tower Diver.app/Frameworks/libswiftCore.dylib'>'>
2019-01-03 18:26:21 +0000  Skipping profile for item: <IDEDistributionItem: 0x7f923a238b90 'com.apple.dt.runtime.swiftCoreFoundation' '<DVTFilePath:0x7f92395d2030:'/Users/joeoliveira/Library/Developer/Xcode/Archives/2019-01-03/Tower Diver 1-3-19, 10.26 AM.xcarchive/Products/Applications/Tower Diver.app/Frameworks/libswiftCoreFoundation.dylib'>'>
2019-01-03 18:26:21 +0000  Skipping profile for item: <IDEDistributionItem: 0x7f924f69a6e0 'com.apple.dt.runtime.swiftCoreGraphics' '<DVTFilePath:0x7f9237c24cc0:'/Users/joeoliveira/Library/Developer/Xcode/Archives/2019-01-03/Tower Diver 1-3-19, 10.26 AM.xcarchive/Products/Applications/Tower Diver.app/Frameworks/libswiftCoreGraphics.dylib'>'>
2019-01-03 18:26:21 +0000  Skipping profile for item: <IDEDistributionItem: 0x7f925143e2e0 'com.apple.dt.runtime.swiftCoreImage' '<DVTFilePath:0x7f9239172630:'/Users/joeoliveira/Library/Developer/Xcode/Archives/2019-01-03/Tower Diver 1-3-19, 10.26 AM.xcarchive/Products/Applications/Tower Diver.app/Frameworks/libswiftCoreImage.dylib'>'>
2019-01-03 18:26:21 +0000  Skipping profile for item: <IDEDistributionItem: 0x7f923a2ee130 'com.apple.dt.runtime.swiftDarwin' '<DVTFilePath:0x7f9254eb04d0:'/Users/joeoliveira/Library/Developer/Xcode/Archives/2019-01-03/Tower Diver 1-3-19, 10.26 AM.xcarchive/Products/Applications/Tower Diver.app/Frameworks/libswiftDarwin.dylib'>'>
2019-01-03 18:26:21 +0000  Skipping profile for item: <IDEDistributionItem: 0x7f9237bf3410 'com.apple.dt.runtime.swiftDispatch' '<DVTFilePath:0x7f923782f060:'/Users/joeoliveira/Library/Developer/Xcode/Archives/2019-01-03/Tower Diver 1-3-19, 10.26 AM.xcarchive/Products/Applications/Tower Diver.app/Frameworks/libswiftDispatch.dylib'>'>
2019-01-03 18:26:21 +0000  Skipping profile for item: <IDEDistributionItem: 0x7f924f700660 'com.apple.dt.runtime.swiftFoundation' '<DVTFilePath:0x7f9239684990:'/Users/joeoliveira/Library/Developer/Xcode/Archives/2019-01-03/Tower Diver 1-3-19, 10.26 AM.xcarchive/Products/Applications/Tower Diver.app/Frameworks/libswiftFoundation.dylib'>'>
2019-01-03 18:26:21 +0000  Skipping profile for item: <IDEDistributionItem: 0x7f9237270e10 'com.apple.dt.runtime.swiftMetal' '<DVTFilePath:0x7f923941a970:'/Users/joeoliveira/Library/Developer/Xcode/Archives/2019-01-03/Tower Diver 1-3-19, 10.26 AM.xcarchive/Products/Applications/Tower Diver.app/Frameworks/libswiftMetal.dylib'>'>
2019-01-03 18:26:21 +0000  Skipping profile for item: <IDEDistributionItem: 0x7f923783a370 'com.apple.dt.runtime.swiftObjectiveC' '<DVTFilePath:0x7f924f4d2080:'/Users/joeoliveira/Library/Developer/Xcode/Archives/2019-01-03/Tower Diver 1-3-19, 10.26 AM.xcarchive/Products/Applications/Tower Diver.app/Frameworks/libswiftObjectiveC.dylib'>'>
2019-01-03 18:26:21 +0000  Skipping profile for item: <IDEDistributionItem: 0x7f92396cc030 'com.apple.dt.runtime.swiftQuartzCore' '<DVTFilePath:0x7f9255f38de0:'/Users/joeoliveira/Library/Developer/Xcode/Archives/2019-01-03/Tower Diver 1-3-19, 10.26 AM.xcarchive/Products/Applications/Tower Diver.app/Frameworks/libswiftQuartzCore.dylib'>'>
2019-01-03 18:26:21 +0000  Skipping profile for item: <IDEDistributionItem: 0x7f923953f3d0 'com.apple.dt.runtime.swiftUIKit' '<DVTFilePath:0x7f9250d89e60:'/Users/joeoliveira/Library/Developer/Xcode/Archives/2019-01-03/Tower Diver 1-3-19, 10.26 AM.xcarchive/Products/Applications/Tower Diver.app/Frameworks/libswiftUIKit.dylib'>'>
2019-01-03 18:26:21 +0000  Skipping profile for item: <IDEDistributionItem: 0x7f9251b71a20 'com.apple.dt.runtime.swiftos' '<DVTFilePath:0x7f9237cdcb80:'/Users/joeoliveira/Library/Developer/Xcode/Archives/2019-01-03/Tower Diver 1-3-19, 10.26 AM.xcarchive/Products/Applications/Tower Diver.app/Frameworks/libswiftos.dylib'>'>
2019-01-03 18:26:21 +0000  Processing step: IDEDistributionAppThinningPlistStep
2019-01-03 18:26:21 +0000  Processing step: IDEDistributionCompileBitcodeStep
2019-01-03 18:26:21 +0000  Skipping step: IDEDistributionCompileBitcodeStep because it said so
2019-01-03 18:26:21 +0000  Processing step: IDEDistributionCodeSlimmingStep
2019-01-03 18:26:21 +0000  Processing step: IDEDistributionCopyBCSymbolMapsStep
2019-01-03 18:26:21 +0000  Skipping step: IDEDistributionCopyBCSymbolMapsStep because it said so
2019-01-03 18:26:21 +0000  Skipping step: IDEDistributionCopyBCSymbolMapsStep because it said so
2019-01-03 18:26:21 +0000  Skipping step: IDEDistributionCopyBCSymbolMapsStep because it said so
2019-01-03 18:26:21 +0000  Skipping step: IDEDistributionCopyBCSymbolMapsStep because it said so
2019-01-03 18:26:21 +0000  Skipping step: IDEDistributionCopyBCSymbolMapsStep because it said so
2019-01-03 18:26:21 +0000  Skipping step: IDEDistributionCopyBCSymbolMapsStep because it said so
2019-01-03 18:26:21 +0000  Skipping step: IDEDistributionCopyBCSymbolMapsStep because it said so
2019-01-03 18:26:21 +0000  Skipping step: IDEDistributionCopyBCSymbolMapsStep because it said so
2019-01-03 18:26:21 +0000  Skipping step: IDEDistributionCopyBCSymbolMapsStep because it said so
2019-01-03 18:26:21 +0000  Skipping step: IDEDistributionCopyBCSymbolMapsStep because it said so
2019-01-03 18:26:21 +0000  Skipping step: IDEDistributionCopyBCSymbolMapsStep because it said so
2019-01-03 18:26:21 +0000  Skipping step: IDEDistributionCopyBCSymbolMapsStep because it said so
2019-01-03 18:26:21 +0000  Skipping step: IDEDistributionCopyBCSymbolMapsStep because it said so
2019-01-03 18:26:21 +0000  Skipping step: IDEDistributionCopyBCSymbolMapsStep because it said so
2019-01-03 18:26:21 +0000  Processing step: IDEDistributionSymbolsStep
2019-01-03 18:26:21 +0000  Skipping step: IDEDistributionSymbolsStep because it said so
2019-01-03 18:26:21 +0000  Skipping step: IDEDistributionSymbolsStep because it said so
2019-01-03 18:26:21 +0000  Skipping step: IDEDistributionSymbolsStep because it said so
2019-01-03 18:26:21 +0000  Skipping step: IDEDistributionSymbolsStep because it said so
2019-01-03 18:26:21 +0000  Skipping step: IDEDistributionSymbolsStep because it said so
2019-01-03 18:26:21 +0000  Skipping step: IDEDistributionSymbolsStep because it said so
2019-01-03 18:26:21 +0000  Skipping step: IDEDistributionSymbolsStep because it said so
2019-01-03 18:26:21 +0000  Skipping step: IDEDistributionSymbolsStep because it said so
2019-01-03 18:26:21 +0000  Skipping step: IDEDistributionSymbolsStep because it said so
2019-01-03 18:26:21 +0000  Skipping step: IDEDistributionSymbolsStep because it said so
2019-01-03 18:26:21 +0000  Skipping step: IDEDistributionSymbolsStep because it said so
2019-01-03 18:26:21 +0000  Skipping step: IDEDistributionSymbolsStep because it said so
2019-01-03 18:26:21 +0000  Skipping step: IDEDistributionSymbolsStep because it said so
2019-01-03 18:26:21 +0000  Skipping step: IDEDistributionSymbolsStep because it said so
2019-01-03 18:26:21 +0000  Processing step: IDEDistributionAppThinningStep
2019-01-03 18:26:21 +0000  Skipping step: IDEDistributionAppThinningStep because it said so
2019-01-03 18:26:21 +0000  Processing step: IDEDistributionArchThinningStep
2019-01-03 18:26:21 +0000  Running /Applications/Xcode.app/Contents/Developer/Toolchains/XcodeDefault.xctoolchain/usr/bin/lipo '/var/folders/rl/qt7ddmx51vg2714p2rz78r3m0000gn/T/XcodeDistPipeline.uGR/Root/Payload/Tower Diver.app/Frameworks/SideMenu.framework/SideMenu' '-verify_arch' 'arm64e'
2019-01-03 18:26:21 +0000  /Applications/Xcode.app/Contents/Developer/Toolchains/XcodeDefault.xctoolchain/usr/bin/lipo exited with 1
2019-01-03 18:26:21 +0000  Skipping architecture thinning for item "SideMenu" because arch "arm64e" wasn't found
2019-01-03 18:26:21 +0000  Running /Applications/Xcode.app/Contents/Developer/Toolchains/XcodeDefault.xctoolchain/usr/bin/lipo '/var/folders/rl/qt7ddmx51vg2714p2rz78r3m0000gn/T/XcodeDistPipeline.uGR/Root/Payload/Tower Diver.app/Frameworks/libswiftCore.dylib' '-verify_arch' 'arm64e'
2019-01-03 18:26:21 +0000  /Applications/Xcode.app/Contents/Developer/Toolchains/XcodeDefault.xctoolchain/usr/bin/lipo exited with 0
2019-01-03 18:26:21 +0000  Running /Applications/Xcode.app/Contents/Developer/Toolchains/XcodeDefault.xctoolchain/usr/bin/lipo '/var/folders/rl/qt7ddmx51vg2714p2rz78r3m0000gn/T/XcodeDistPipeline.uGR/Root/Payload/Tower Diver.app/Frameworks/libswiftCore.dylib' '-remove' 'arm64e' '-output' '/var/folders/rl/qt7ddmx51vg2714p2rz78r3m0000gn/T/XcodeDistPipeline.uGR/Root/Payload/Tower Diver.app/Frameworks/libswiftCore.dylib'
2019-01-03 18:26:21 +0000  /Applications/Xcode.app/Contents/Developer/Toolchains/XcodeDefault.xctoolchain/usr/bin/lipo exited with 0
2019-01-03 18:26:21 +0000  Successfully thinned item "libswiftCore.dylib", arch "arm64e"
2019-01-03 18:26:21 +0000  Running /Applications/Xcode.app/Contents/Developer/Toolchains/XcodeDefault.xctoolchain/usr/bin/lipo '/var/folders/rl/qt7ddmx51vg2714p2rz78r3m0000gn/T/XcodeDistPipeline.uGR/Root/Payload/Tower Diver.app/Frameworks/libswiftCoreFoundation.dylib' '-verify_arch' 'arm64e'
2019-01-03 18:26:21 +0000  /Applications/Xcode.app/Contents/Developer/Toolchains/XcodeDefault.xctoolchain/usr/bin/lipo exited with 0
2019-01-03 18:26:21 +0000  Running /Applications/Xcode.app/Contents/Developer/Toolchains/XcodeDefault.xctoolchain/usr/bin/lipo '/var/folders/rl/qt7ddmx51vg2714p2rz78r3m0000gn/T/XcodeDistPipeline.uGR/Root/Payload/Tower Diver.app/Frameworks/libswiftCoreFoundation.dylib' '-remove' 'arm64e' '-output' '/var/folders/rl/qt7ddmx51vg2714p2rz78r3m0000gn/T/XcodeDistPipeline.uGR/Root/Payload/Tower Diver.app/Frameworks/libswiftCoreFoundation.dylib'
2019-01-03 18:26:21 +0000  /Applications/Xcode.app/Contents/Developer/Toolchains/XcodeDefault.xctoolchain/usr/bin/lipo exited with 0
2019-01-03 18:26:21 +0000  Successfully thinned item "libswiftCoreFoundation.dylib", arch "arm64e"
2019-01-03 18:26:21 +0000  Running /Applications/Xcode.app/Contents/Developer/Toolchains/XcodeDefault.xctoolchain/usr/bin/lipo '/var/folders/rl/qt7ddmx51vg2714p2rz78r3m0000gn/T/XcodeDistPipeline.uGR/Root/Payload/Tower Diver.app/Frameworks/libswiftCoreGraphics.dylib' '-verify_arch' 'arm64e'
2019-01-03 18:26:21 +0000  /Applications/Xcode.app/Contents/Developer/Toolchains/XcodeDefault.xctoolchain/usr/bin/lipo exited with 0
2019-01-03 18:26:21 +0000  Running /Applications/Xcode.app/Contents/Developer/Toolchains/XcodeDefault.xctoolchain/usr/bin/lipo '/var/folders/rl/qt7ddmx51vg2714p2rz78r3m0000gn/T/XcodeDistPipeline.uGR/Root/Payload/Tower Diver.app/Frameworks/libswiftCoreGraphics.dylib' '-remove' 'arm64e' '-output' '/var/folders/rl/qt7ddmx51vg2714p2rz78r3m0000gn/T/XcodeDistPipeline.uGR/Root/Payload/Tower Diver.app/Frameworks/libswiftCoreGraphics.dylib'
2019-01-03 18:26:21 +0000  /Applications/Xcode.app/Contents/Developer/Toolchains/XcodeDefault.xctoolchain/usr/bin/lipo exited with 0
2019-01-03 18:26:21 +0000  Successfully thinned item "libswiftCoreGraphics.dylib", arch "arm64e"
2019-01-03 18:26:21 +0000  Running /Applications/Xcode.app/Contents/Developer/Toolchains/XcodeDefault.xctoolchain/usr/bin/lipo '/var/folders/rl/qt7ddmx51vg2714p2rz78r3m0000gn/T/XcodeDistPipeline.uGR/Root/Payload/Tower Diver.app/Frameworks/libswiftCoreImage.dylib' '-verify_arch' 'arm64e'
2019-01-03 18:26:21 +0000  /Applications/Xcode.app/Contents/Developer/Toolchains/XcodeDefault.xctoolchain/usr/bin/lipo exited with 0
2019-01-03 18:26:21 +0000  Running /Applications/Xcode.app/Contents/Developer/Toolchains/XcodeDefault.xctoolchain/usr/bin/lipo '/var/folders/rl/qt7ddmx51vg2714p2rz78r3m0000gn/T/XcodeDistPipeline.uGR/Root/Payload/Tower Diver.app/Frameworks/libswiftCoreImage.dylib' '-remove' 'arm64e' '-output' '/var/folders/rl/qt7ddmx51vg2714p2rz78r3m0000gn/T/XcodeDistPipeline.uGR/Root/Payload/Tower Diver.app/Frameworks/libswiftCoreImage.dylib'
2019-01-03 18:26:21 +0000  /Applications/Xcode.app/Contents/Developer/Toolchains/XcodeDefault.xctoolchain/usr/bin/lipo exited with 0
2019-01-03 18:26:21 +0000  Successfully thinned item "libswiftCoreImage.dylib", arch "arm64e"
2019-01-03 18:26:21 +0000  Running /Applications/Xcode.app/Contents/Developer/Toolchains/XcodeDefault.xctoolchain/usr/bin/lipo '/var/folders/rl/qt7ddmx51vg2714p2rz78r3m0000gn/T/XcodeDistPipeline.uGR/Root/Payload/Tower Diver.app/Frameworks/libswiftDarwin.dylib' '-verify_arch' 'arm64e'
2019-01-03 18:26:21 +0000  /Applications/Xcode.app/Contents/Developer/Toolchains/XcodeDefault.xctoolchain/usr/bin/lipo exited with 0
2019-01-03 18:26:21 +0000  Running /Applications/Xcode.app/Contents/Developer/Toolchains/XcodeDefault.xctoolchain/usr/bin/lipo '/var/folders/rl/qt7ddmx51vg2714p2rz78r3m0000gn/T/XcodeDistPipeline.uGR/Root/Payload/Tower Diver.app/Frameworks/libswiftDarwin.dylib' '-remove' 'arm64e' '-output' '/var/folders/rl/qt7ddmx51vg2714p2rz78r3m0000gn/T/XcodeDistPipeline.uGR/Root/Payload/Tower Diver.app/Frameworks/libswiftDarwin.dylib'
2019-01-03 18:26:21 +0000  /Applications/Xcode.app/Contents/Developer/Toolchains/XcodeDefault.xctoolchain/usr/bin/lipo exited with 0
2019-01-03 18:26:21 +0000  Successfully thinned item "libswiftDarwin.dylib", arch "arm64e"
2019-01-03 18:26:21 +0000  Running /Applications/Xcode.app/Contents/Developer/Toolchains/XcodeDefault.xctoolchain/usr/bin/lipo '/var/folders/rl/qt7ddmx51vg2714p2rz78r3m0000gn/T/XcodeDistPipeline.uGR/Root/Payload/Tower Diver.app/Frameworks/libswiftDispatch.dylib' '-verify_arch' 'arm64e'
2019-01-03 18:26:21 +0000  /Applications/Xcode.app/Contents/Developer/Toolchains/XcodeDefault.xctoolchain/usr/bin/lipo exited with 0
2019-01-03 18:26:21 +0000  Running /Applications/Xcode.app/Contents/Developer/Toolchains/XcodeDefault.xctoolchain/usr/bin/lipo '/var/folders/rl/qt7ddmx51vg2714p2rz78r3m0000gn/T/XcodeDistPipeline.uGR/Root/Payload/Tower Diver.app/Frameworks/libswiftDispatch.dylib' '-remove' 'arm64e' '-output' '/var/folders/rl/qt7ddmx51vg2714p2rz78r3m0000gn/T/XcodeDistPipeline.uGR/Root/Payload/Tower Diver.app/Frameworks/libswiftDispatch.dylib'
2019-01-03 18:26:21 +0000  /Applications/Xcode.app/Contents/Developer/Toolchains/XcodeDefault.xctoolchain/usr/bin/lipo exited with 0
2019-01-03 18:26:21 +0000  Successfully thinned item "libswiftDispatch.dylib", arch "arm64e"
2019-01-03 18:26:21 +0000  Running /Applications/Xcode.app/Contents/Developer/Toolchains/XcodeDefault.xctoolchain/usr/bin/lipo '/var/folders/rl/qt7ddmx51vg2714p2rz78r3m0000gn/T/XcodeDistPipeline.uGR/Root/Payload/Tower Diver.app/Frameworks/libswiftFoundation.dylib' '-verify_arch' 'arm64e'
2019-01-03 18:26:21 +0000  /Applications/Xcode.app/Contents/Developer/Toolchains/XcodeDefault.xctoolchain/usr/bin/lipo exited with 0
2019-01-03 18:26:21 +0000  Running /Applications/Xcode.app/Contents/Developer/Toolchains/XcodeDefault.xctoolchain/usr/bin/lipo '/var/folders/rl/qt7ddmx51vg2714p2rz78r3m0000gn/T/XcodeDistPipeline.uGR/Root/Payload/Tower Diver.app/Frameworks/libswiftFoundation.dylib' '-remove' 'arm64e' '-output' '/var/folders/rl/qt7ddmx51vg2714p2rz78r3m0000gn/T/XcodeDistPipeline.uGR/Root/Payload/Tower Diver.app/Frameworks/libswiftFoundation.dylib'
2019-01-03 18:26:21 +0000  /Applications/Xcode.app/Contents/Developer/Toolchains/XcodeDefault.xctoolchain/usr/bin/lipo exited with 0
2019-01-03 18:26:21 +0000  Successfully thinned item "libswiftFoundation.dylib", arch "arm64e"
2019-01-03 18:26:21 +0000  Running /Applications/Xcode.app/Contents/Developer/Toolchains/XcodeDefault.xctoolchain/usr/bin/lipo '/var/folders/rl/qt7ddmx51vg2714p2rz78r3m0000gn/T/XcodeDistPipeline.uGR/Root/Payload/Tower Diver.app/Frameworks/libswiftMetal.dylib' '-verify_arch' 'arm64e'
2019-01-03 18:26:21 +0000  /Applications/Xcode.app/Contents/Developer/Toolchains/XcodeDefault.xctoolchain/usr/bin/lipo exited with 0
2019-01-03 18:26:21 +0000  Running /Applications/Xcode.app/Contents/Developer/Toolchains/XcodeDefault.xctoolchain/usr/bin/lipo '/var/folders/rl/qt7ddmx51vg2714p2rz78r3m0000gn/T/XcodeDistPipeline.uGR/Root/Payload/Tower Diver.app/Frameworks/libswiftMetal.dylib' '-remove' 'arm64e' '-output' '/var/folders/rl/qt7ddmx51vg2714p2rz78r3m0000gn/T/XcodeDistPipeline.uGR/Root/Payload/Tower Diver.app/Frameworks/libswiftMetal.dylib'
2019-01-03 18:26:21 +0000  /Applications/Xcode.app/Contents/Developer/Toolchains/XcodeDefault.xctoolchain/usr/bin/lipo exited with 0
2019-01-03 18:26:21 +0000  Successfully thinned item "libswiftMetal.dylib", arch "arm64e"
2019-01-03 18:26:21 +0000  Running /Applications/Xcode.app/Contents/Developer/Toolchains/XcodeDefault.xctoolchain/usr/bin/lipo '/var/folders/rl/qt7ddmx51vg2714p2rz78r3m0000gn/T/XcodeDistPipeline.uGR/Root/Payload/Tower Diver.app/Frameworks/libswiftObjectiveC.dylib' '-verify_arch' 'arm64e'
2019-01-03 18:26:21 +0000  /Applications/Xcode.app/Contents/Developer/Toolchains/XcodeDefault.xctoolchain/usr/bin/lipo exited with 0
2019-01-03 18:26:21 +0000  Running /Applications/Xcode.app/Contents/Developer/Toolchains/XcodeDefault.xctoolchain/usr/bin/lipo '/var/folders/rl/qt7ddmx51vg2714p2rz78r3m0000gn/T/XcodeDistPipeline.uGR/Root/Payload/Tower Diver.app/Frameworks/libswiftObjectiveC.dylib' '-remove' 'arm64e' '-output' '/var/folders/rl/qt7ddmx51vg2714p2rz78r3m0000gn/T/XcodeDistPipeline.uGR/Root/Payload/Tower Diver.app/Frameworks/libswiftObjectiveC.dylib'
2019-01-03 18:26:21 +0000  /Applications/Xcode.app/Contents/Developer/Toolchains/XcodeDefault.xctoolchain/usr/bin/lipo exited with 0
2019-01-03 18:26:21 +0000  Successfully thinned item "libswiftObjectiveC.dylib", arch "arm64e"
2019-01-03 18:26:21 +0000  Running /Applications/Xcode.app/Contents/Developer/Toolchains/XcodeDefault.xctoolchain/usr/bin/lipo '/var/folders/rl/qt7ddmx51vg2714p2rz78r3m0000gn/T/XcodeDistPipeline.uGR/Root/Payload/Tower Diver.app/Frameworks/libswiftQuartzCore.dylib' '-verify_arch' 'arm64e'
2019-01-03 18:26:21 +0000  /Applications/Xcode.app/Contents/Developer/Toolchains/XcodeDefault.xctoolchain/usr/bin/lipo exited with 0
2019-01-03 18:26:21 +0000  Running /Applications/Xcode.app/Contents/Developer/Toolchains/XcodeDefault.xctoolchain/usr/bin/lipo '/var/folders/rl/qt7ddmx51vg2714p2rz78r3m0000gn/T/XcodeDistPipeline.uGR/Root/Payload/Tower Diver.app/Frameworks/libswiftQuartzCore.dylib' '-remove' 'arm64e' '-output' '/var/folders/rl/qt7ddmx51vg2714p2rz78r3m0000gn/T/XcodeDistPipeline.uGR/Root/Payload/Tower Diver.app/Frameworks/libswiftQuartzCore.dylib'
2019-01-03 18:26:21 +0000  /Applications/Xcode.app/Contents/Developer/Toolchains/XcodeDefault.xctoolchain/usr/bin/lipo exited with 0
2019-01-03 18:26:21 +0000  Successfully thinned item "libswiftQuartzCore.dylib", arch "arm64e"
2019-01-03 18:26:21 +0000  Running /Applications/Xcode.app/Contents/Developer/Toolchains/XcodeDefault.xctoolchain/usr/bin/lipo '/var/folders/rl/qt7ddmx51vg2714p2rz78r3m0000gn/T/XcodeDistPipeline.uGR/Root/Payload/Tower Diver.app/Frameworks/libswiftUIKit.dylib' '-verify_arch' 'arm64e'
2019-01-03 18:26:21 +0000  /Applications/Xcode.app/Contents/Developer/Toolchains/XcodeDefault.xctoolchain/usr/bin/lipo exited with 0
2019-01-03 18:26:21 +0000  Running /Applications/Xcode.app/Contents/Developer/Toolchains/XcodeDefault.xctoolchain/usr/bin/lipo '/var/folders/rl/qt7ddmx51vg2714p2rz78r3m0000gn/T/XcodeDistPipeline.uGR/Root/Payload/Tower Diver.app/Frameworks/libswiftUIKit.dylib' '-remove' 'arm64e' '-output' '/var/folders/rl/qt7ddmx51vg2714p2rz78r3m0000gn/T/XcodeDistPipeline.uGR/Root/Payload/Tower Diver.app/Frameworks/libswiftUIKit.dylib'
2019-01-03 18:26:21 +0000  /Applications/Xcode.app/Contents/Developer/Toolchains/XcodeDefault.xctoolchain/usr/bin/lipo exited with 0
2019-01-03 18:26:21 +0000  Successfully thinned item "libswiftUIKit.dylib", arch "arm64e"
2019-01-03 18:26:21 +0000  Running /Applications/Xcode.app/Contents/Developer/Toolchains/XcodeDefault.xctoolchain/usr/bin/lipo '/var/folders/rl/qt7ddmx51vg2714p2rz78r3m0000gn/T/XcodeDistPipeline.uGR/Root/Payload/Tower Diver.app/Frameworks/libswiftos.dylib' '-verify_arch' 'arm64e'
2019-01-03 18:26:21 +0000  /Applications/Xcode.app/Contents/Developer/Toolchains/XcodeDefault.xctoolchain/usr/bin/lipo exited with 0
2019-01-03 18:26:21 +0000  Running /Applications/Xcode.app/Contents/Developer/Toolchains/XcodeDefault.xctoolchain/usr/bin/lipo '/var/folders/rl/qt7ddmx51vg2714p2rz78r3m0000gn/T/XcodeDistPipeline.uGR/Root/Payload/Tower Diver.app/Frameworks/libswiftos.dylib' '-remove' 'arm64e' '-output' '/var/folders/rl/qt7ddmx51vg2714p2rz78r3m0000gn/T/XcodeDistPipeline.uGR/Root/Payload/Tower Diver.app/Frameworks/libswiftos.dylib'
2019-01-03 18:26:21 +0000  /Applications/Xcode.app/Contents/Developer/Toolchains/XcodeDefault.xctoolchain/usr/bin/lipo exited with 0
2019-01-03 18:26:21 +0000  Successfully thinned item "libswiftos.dylib", arch "arm64e"
2019-01-03 18:26:21 +0000  Running /Applications/Xcode.app/Contents/Developer/Toolchains/XcodeDefault.xctoolchain/usr/bin/lipo '/var/folders/rl/qt7ddmx51vg2714p2rz78r3m0000gn/T/XcodeDistPipeline.uGR/Root/Payload/Tower Diver.app/Tower Diver' '-verify_arch' 'arm64e'
2019-01-03 18:26:21 +0000  /Applications/Xcode.app/Contents/Developer/Toolchains/XcodeDefault.xctoolchain/usr/bin/lipo exited with 1
2019-01-03 18:26:21 +0000  Skipping architecture thinning for item "Tower Diver" because arch "arm64e" wasn't found
2019-01-03 18:26:21 +0000  Processing step: IDEDistributionODRStep
2019-01-03 18:26:21 +0000  Processing step: IDEDistributionStripXattrsStep
2019-01-03 18:26:21 +0000  Skipping stripping extended attributes of item: <IDEDistributionItem: 0x7f923995f2e0 'org.cocoapods.SideMenu' '<DVTFilePath:0x7f9237198fe0:'/Users/joeoliveira/Library/Developer/Xcode/Archives/2019-01-03/Tower Diver 1-3-19, 10.26 AM.xcarchive/Products/Applications/Tower Diver.app/Frameworks/SideMenu.framework'>'>
2019-01-03 18:26:21 +0000  Skipping stripping extended attributes of item: <IDEDistributionItem: 0x7f92395170e0 'com.apple.dt.runtime.swiftCore' '<DVTFilePath:0x7f924edbea90:'/Users/joeoliveira/Library/Developer/Xcode/Archives/2019-01-03/Tower Diver 1-3-19, 10.26 AM.xcarchive/Products/Applications/Tower Diver.app/Frameworks/libswiftCore.dylib'>'>
2019-01-03 18:26:21 +0000  Skipping stripping extended attributes of item: <IDEDistributionItem: 0x7f923a238b90 'com.apple.dt.runtime.swiftCoreFoundation' '<DVTFilePath:0x7f92395d2030:'/Users/joeoliveira/Library/Developer/Xcode/Archives/2019-01-03/Tower Diver 1-3-19, 10.26 AM.xcarchive/Products/Applications/Tower Diver.app/Frameworks/libswiftCoreFoundation.dylib'>'>
2019-01-03 18:26:21 +0000  Skipping stripping extended attributes of item: <IDEDistributionItem: 0x7f924f69a6e0 'com.apple.dt.runtime.swiftCoreGraphics' '<DVTFilePath:0x7f9237c24cc0:'/Users/joeoliveira/Library/Developer/Xcode/Archives/2019-01-03/Tower Diver 1-3-19, 10.26 AM.xcarchive/Products/Applications/Tower Diver.app/Frameworks/libswiftCoreGraphics.dylib'>'>
2019-01-03 18:26:21 +0000  Skipping stripping extended attributes of item: <IDEDistributionItem: 0x7f925143e2e0 'com.apple.dt.runtime.swiftCoreImage' '<DVTFilePath:0x7f9239172630:'/Users/joeoliveira/Library/Developer/Xcode/Archives/2019-01-03/Tower Diver 1-3-19, 10.26 AM.xcarchive/Products/Applications/Tower Diver.app/Frameworks/libswiftCoreImage.dylib'>'>
2019-01-03 18:26:21 +0000  Skipping stripping extended attributes of item: <IDEDistributionItem: 0x7f923a2ee130 'com.apple.dt.runtime.swiftDarwin' '<DVTFilePath:0x7f9254eb04d0:'/Users/joeoliveira/Library/Developer/Xcode/Archives/2019-01-03/Tower Diver 1-3-19, 10.26 AM.xcarchive/Products/Applications/Tower Diver.app/Frameworks/libswiftDarwin.dylib'>'>
2019-01-03 18:26:21 +0000  Skipping stripping extended attributes of item: <IDEDistributionItem: 0x7f9237bf3410 'com.apple.dt.runtime.swiftDispatch' '<DVTFilePath:0x7f923782f060:'/Users/joeoliveira/Library/Developer/Xcode/Archives/2019-01-03/Tower Diver 1-3-19, 10.26 AM.xcarchive/Products/Applications/Tower Diver.app/Frameworks/libswiftDispatch.dylib'>'>
2019-01-03 18:26:21 +0000  Skipping stripping extended attributes of item: <IDEDistributionItem: 0x7f924f700660 'com.apple.dt.runtime.swiftFoundation' '<DVTFilePath:0x7f9239684990:'/Users/joeoliveira/Library/Developer/Xcode/Archives/2019-01-03/Tower Diver 1-3-19, 10.26 AM.xcarchive/Products/Applications/Tower Diver.app/Frameworks/libswiftFoundation.dylib'>'>
2019-01-03 18:26:21 +0000  Skipping stripping extended attributes of item: <IDEDistributionItem: 0x7f9237270e10 'com.apple.dt.runtime.swiftMetal' '<DVTFilePath:0x7f923941a970:'/Users/joeoliveira/Library/Developer/Xcode/Archives/2019-01-03/Tower Diver 1-3-19, 10.26 AM.xcarchive/Products/Applications/Tower Diver.app/Frameworks/libswiftMetal.dylib'>'>
2019-01-03 18:26:21 +0000  Skipping stripping extended attributes of item: <IDEDistributionItem: 0x7f923783a370 'com.apple.dt.runtime.swiftObjectiveC' '<DVTFilePath:0x7f924f4d2080:'/Users/joeoliveira/Library/Developer/Xcode/Archives/2019-01-03/Tower Diver 1-3-19, 10.26 AM.xcarchive/Products/Applications/Tower Diver.app/Frameworks/libswiftObjectiveC.dylib'>'>
2019-01-03 18:26:21 +0000  Skipping stripping extended attributes of item: <IDEDistributionItem: 0x7f92396cc030 'com.apple.dt.runtime.swiftQuartzCore' '<DVTFilePath:0x7f9255f38de0:'/Users/joeoliveira/Library/Developer/Xcode/Archives/2019-01-03/Tower Diver 1-3-19, 10.26 AM.xcarchive/Products/Applications/Tower Diver.app/Frameworks/libswiftQuartzCore.dylib'>'>
2019-01-03 18:26:21 +0000  Skipping stripping extended attributes of item: <IDEDistributionItem: 0x7f923953f3d0 'com.apple.dt.runtime.swiftUIKit' '<DVTFilePath:0x7f9250d89e60:'/Users/joeoliveira/Library/Developer/Xcode/Archives/2019-01-03/Tower Diver 1-3-19, 10.26 AM.xcarchive/Products/Applications/Tower Diver.app/Frameworks/libswiftUIKit.dylib'>'>
2019-01-03 18:26:21 +0000  Skipping stripping extended attributes of item: <IDEDistributionItem: 0x7f9251b71a20 'com.apple.dt.runtime.swiftos' '<DVTFilePath:0x7f9237cdcb80:'/Users/joeoliveira/Library/Developer/Xcode/Archives/2019-01-03/Tower Diver 1-3-19, 10.26 AM.xcarchive/Products/Applications/Tower Diver.app/Frameworks/libswiftos.dylib'>'>
2019-01-03 18:26:21 +0000  Running /usr/bin/xattr '-crs' '/var/folders/rl/qt7ddmx51vg2714p2rz78r3m0000gn/T/XcodeDistPipeline.uGR/Root/Payload/Tower Diver.app'
2019-01-03 18:26:21 +0000  /usr/bin/xattr exited with 0
2019-01-03 18:26:21 +0000  Processing step: IDEDistributionCodesignStep
2019-01-03 18:26:21 +0000  Entitlements for <IDEDistributionItem: 0x7f923995f2e0 'org.cocoapods.SideMenu' '<DVTFilePath:0x7f9237198fe0:'/Users/joeoliveira/Library/Developer/Xcode/Archives/2019-01-03/Tower Diver 1-3-19, 10.26 AM.xcarchive/Products/Applications/Tower Diver.app/Frameworks/SideMenu.framework'>'>: {
}
2019-01-03 18:26:21 +0000  Writing entitlements for <IDEDistributionItem: 0x7f923995f2e0 'org.cocoapods.SideMenu' '<DVTFilePath:0x7f9237198fe0:'/Users/joeoliveira/Library/Developer/Xcode/Archives/2019-01-03/Tower Diver 1-3-19, 10.26 AM.xcarchive/Products/Applications/Tower Diver.app/Frameworks/SideMenu.framework'>'> to: /var/folders/rl/qt7ddmx51vg2714p2rz78r3m0000gn/T/XcodeDistPipeline.uGR/entitlementsyHUxCm
2019-01-03 18:26:21 +0000  Running /usr/bin/codesign '-vvv' '--force' '--sign' '363B99BBB5E5C550CB84265498E448795BA84599' '--entitlements' '/var/folders/rl/qt7ddmx51vg2714p2rz78r3m0000gn/T/XcodeDistPipeline.uGR/entitlementsyHUxCm' '--preserve-metadata=identifier,flags,runtime' '/var/folders/rl/qt7ddmx51vg2714p2rz78r3m0000gn/T/XcodeDistPipeline.uGR/Root/Payload/Tower Diver.app/Frameworks/SideMenu.framework'
2019-01-03 18:26:22 +0000  /var/folders/rl/qt7ddmx51vg2714p2rz78r3m0000gn/T/XcodeDistPipeline.uGR/Root/Payload/Tower Diver.app/Frameworks/SideMenu.framework: signed bundle with Mach-O universal (armv7 arm64) [org.cocoapods.SideMenu]
2019-01-03 18:26:22 +0000  /usr/bin/codesign exited with 0
2019-01-03 18:26:22 +0000  Entitlements for <IDEDistributionItem: 0x7f92395170e0 'com.apple.dt.runtime.swiftCore' '<DVTFilePath:0x7f924edbea90:'/Users/joeoliveira/Library/Developer/Xcode/Archives/2019-01-03/Tower Diver 1-3-19, 10.26 AM.xcarchive/Products/Applications/Tower Diver.app/Frameworks/libswiftCore.dylib'>'>: {
}
2019-01-03 18:26:22 +0000  Writing entitlements for <IDEDistributionItem: 0x7f92395170e0 'com.apple.dt.runtime.swiftCore' '<DVTFilePath:0x7f924edbea90:'/Users/joeoliveira/Library/Developer/Xcode/Archives/2019-01-03/Tower Diver 1-3-19, 10.26 AM.xcarchive/Products/Applications/Tower Diver.app/Frameworks/libswiftCore.dylib'>'> to: /var/folders/rl/qt7ddmx51vg2714p2rz78r3m0000gn/T/XcodeDistPipeline.uGR/entitlementslSUd7M
2019-01-03 18:26:22 +0000  Running /usr/bin/codesign '-vvv' '--force' '--sign' '363B99BBB5E5C550CB84265498E448795BA84599' '--entitlements' '/var/folders/rl/qt7ddmx51vg2714p2rz78r3m0000gn/T/XcodeDistPipeline.uGR/entitlementslSUd7M' '--preserve-metadata=identifier,flags,runtime' '/var/folders/rl/qt7ddmx51vg2714p2rz78r3m0000gn/T/XcodeDistPipeline.uGR/Root/Payload/Tower Diver.app/Frameworks/libswiftCore.dylib'
2019-01-03 18:26:22 +0000  /var/folders/rl/qt7ddmx51vg2714p2rz78r3m0000gn/T/XcodeDistPipeline.uGR/Root/Payload/Tower Diver.app/Frameworks/libswiftCore.dylib: signed Mach-O universal (armv7 armv7s arm64) [com.apple.dt.runtime.swiftCore]
2019-01-03 18:26:22 +0000  /usr/bin/codesign exited with 0
2019-01-03 18:26:22 +0000  Entitlements for <IDEDistributionItem: 0x7f923a238b90 'com.apple.dt.runtime.swiftCoreFoundation' '<DVTFilePath:0x7f92395d2030:'/Users/joeoliveira/Library/Developer/Xcode/Archives/2019-01-03/Tower Diver 1-3-19, 10.26 AM.xcarchive/Products/Applications/Tower Diver.app/Frameworks/libswiftCoreFoundation.dylib'>'>: {
}
2019-01-03 18:26:22 +0000  Writing entitlements for <IDEDistributionItem: 0x7f923a238b90 'com.apple.dt.runtime.swiftCoreFoundation' '<DVTFilePath:0x7f92395d2030:'/Users/joeoliveira/Library/Developer/Xcode/Archives/2019-01-03/Tower Diver 1-3-19, 10.26 AM.xcarchive/Products/Applications/Tower Diver.app/Frameworks/libswiftCoreFoundation.dylib'>'> to: /var/folders/rl/qt7ddmx51vg2714p2rz78r3m0000gn/T/XcodeDistPipeline.uGR/entitlementsAAVGGU
2019-01-03 18:26:22 +0000  Running /usr/bin/codesign '-vvv' '--force' '--sign' '363B99BBB5E5C550CB84265498E448795BA84599' '--entitlements' '/var/folders/rl/qt7ddmx51vg2714p2rz78r3m0000gn/T/XcodeDistPipeline.uGR/entitlementsAAVGGU' '--preserve-metadata=identifier,flags,runtime' '/var/folders/rl/qt7ddmx51vg2714p2rz78r3m0000gn/T/XcodeDistPipeline.uGR/Root/Payload/Tower Diver.app/Frameworks/libswiftCoreFoundation.dylib'
2019-01-03 18:26:22 +0000  /var/folders/rl/qt7ddmx51vg2714p2rz78r3m0000gn/T/XcodeDistPipeline.uGR/Root/Payload/Tower Diver.app/Frameworks/libswiftCoreFoundation.dylib: signed Mach-O universal (armv7 armv7s arm64) [com.apple.dt.runtime.swiftCoreFoundation]
2019-01-03 18:26:22 +0000  /usr/bin/codesign exited with 0
2019-01-03 18:26:22 +0000  Entitlements for <IDEDistributionItem: 0x7f924f69a6e0 'com.apple.dt.runtime.swiftCoreGraphics' '<DVTFilePath:0x7f9237c24cc0:'/Users/joeoliveira/Library/Developer/Xcode/Archives/2019-01-03/Tower Diver 1-3-19, 10.26 AM.xcarchive/Products/Applications/Tower Diver.app/Frameworks/libswiftCoreGraphics.dylib'>'>: {
}
2019-01-03 18:26:22 +0000  Writing entitlements for <IDEDistributionItem: 0x7f924f69a6e0 'com.apple.dt.runtime.swiftCoreGraphics' '<DVTFilePath:0x7f9237c24cc0:'/Users/joeoliveira/Library/Developer/Xcode/Archives/2019-01-03/Tower Diver 1-3-19, 10.26 AM.xcarchive/Products/Applications/Tower Diver.app/Frameworks/libswiftCoreGraphics.dylib'>'> to: /var/folders/rl/qt7ddmx51vg2714p2rz78r3m0000gn/T/XcodeDistPipeline.uGR/entitlementsnLjndl
2019-01-03 18:26:22 +0000  Running /usr/bin/codesign '-vvv' '--force' '--sign' '363B99BBB5E5C550CB84265498E448795BA84599' '--entitlements' '/var/folders/rl/qt7ddmx51vg2714p2rz78r3m0000gn/T/XcodeDistPipeline.uGR/entitlementsnLjndl' '--preserve-metadata=identifier,flags,runtime' '/var/folders/rl/qt7ddmx51vg2714p2rz78r3m0000gn/T/XcodeDistPipeline.uGR/Root/Payload/Tower Diver.app/Frameworks/libswiftCoreGraphics.dylib'
2019-01-03 18:26:22 +0000  /var/folders/rl/qt7ddmx51vg2714p2rz78r3m0000gn/T/XcodeDistPipeline.uGR/Root/Payload/Tower Diver.app/Frameworks/libswiftCoreGraphics.dylib: signed Mach-O universal (armv7 armv7s arm64) [com.apple.dt.runtime.swiftCoreGraphics]
2019-01-03 18:26:22 +0000  /usr/bin/codesign exited with 0
2019-01-03 18:26:22 +0000  Entitlements for <IDEDistributionItem: 0x7f925143e2e0 'com.apple.dt.runtime.swiftCoreImage' '<DVTFilePath:0x7f9239172630:'/Users/joeoliveira/Library/Developer/Xcode/Archives/2019-01-03/Tower Diver 1-3-19, 10.26 AM.xcarchive/Products/Applications/Tower Diver.app/Frameworks/libswiftCoreImage.dylib'>'>: {
}
2019-01-03 18:26:22 +0000  Writing entitlements for <IDEDistributionItem: 0x7f925143e2e0 'com.apple.dt.runtime.swiftCoreImage' '<DVTFilePath:0x7f9239172630:'/Users/joeoliveira/Library/Developer/Xcode/Archives/2019-01-03/Tower Diver 1-3-19, 10.26 AM.xcarchive/Products/Applications/Tower Diver.app/Frameworks/libswiftCoreImage.dylib'>'> to: /var/folders/rl/qt7ddmx51vg2714p2rz78r3m0000gn/T/XcodeDistPipeline.uGR/entitlementsqNM7H3
2019-01-03 18:26:22 +0000  Running /usr/bin/codesign '-vvv' '--force' '--sign' '363B99BBB5E5C550CB84265498E448795BA84599' '--entitlements' '/var/folders/rl/qt7ddmx51vg2714p2rz78r3m0000gn/T/XcodeDistPipeline.uGR/entitlementsqNM7H3' '--preserve-metadata=identifier,flags,runtime' '/var/folders/rl/qt7ddmx51vg2714p2rz78r3m0000gn/T/XcodeDistPipeline.uGR/Root/Payload/Tower Diver.app/Frameworks/libswiftCoreImage.dylib'
2019-01-03 18:26:22 +0000  /var/folders/rl/qt7ddmx51vg2714p2rz78r3m0000gn/T/XcodeDistPipeline.uGR/Root/Payload/Tower Diver.app/Frameworks/libswiftCoreImage.dylib: signed Mach-O universal (armv7 armv7s arm64) [com.apple.dt.runtime.swiftCoreImage]
2019-01-03 18:26:22 +0000  /usr/bin/codesign exited with 0
2019-01-03 18:26:22 +0000  Entitlements for <IDEDistributionItem: 0x7f923a2ee130 'com.apple.dt.runtime.swiftDarwin' '<DVTFilePath:0x7f9254eb04d0:'/Users/joeoliveira/Library/Developer/Xcode/Archives/2019-01-03/Tower Diver 1-3-19, 10.26 AM.xcarchive/Products/Applications/Tower Diver.app/Frameworks/libswiftDarwin.dylib'>'>: {
}
2019-01-03 18:26:22 +0000  Writing entitlements for <IDEDistributionItem: 0x7f923a2ee130 'com.apple.dt.runtime.swiftDarwin' '<DVTFilePath:0x7f9254eb04d0:'/Users/joeoliveira/Library/Developer/Xcode/Archives/2019-01-03/Tower Diver 1-3-19, 10.26 AM.xcarchive/Products/Applications/Tower Diver.app/Frameworks/libswiftDarwin.dylib'>'> to: /var/folders/rl/qt7ddmx51vg2714p2rz78r3m0000gn/T/XcodeDistPipeline.uGR/entitlementsUGlAU5
2019-01-03 18:26:22 +0000  Running /usr/bin/codesign '-vvv' '--force' '--sign' '363B99BBB5E5C550CB84265498E448795BA84599' '--entitlements' '/var/folders/rl/qt7ddmx51vg2714p2rz78r3m0000gn/T/XcodeDistPipeline.uGR/entitlementsUGlAU5' '--preserve-metadata=identifier,flags,runtime' '/var/folders/rl/qt7ddmx51vg2714p2rz78r3m0000gn/T/XcodeDistPipeline.uGR/Root/Payload/Tower Diver.app/Frameworks/libswiftDarwin.dylib'
2019-01-03 18:26:22 +0000  /var/folders/rl/qt7ddmx51vg2714p2rz78r3m0000gn/T/XcodeDistPipeline.uGR/Root/Payload/Tower Diver.app/Frameworks/libswiftDarwin.dylib: signed Mach-O universal (armv7 armv7s arm64) [com.apple.dt.runtime.swiftDarwin]
2019-01-03 18:26:22 +0000  /usr/bin/codesign exited with 0
2019-01-03 18:26:22 +0000  Entitlements for <IDEDistributionItem: 0x7f9237bf3410 'com.apple.dt.runtime.swiftDispatch' '<DVTFilePath:0x7f923782f060:'/Users/joeoliveira/Library/Developer/Xcode/Archives/2019-01-03/Tower Diver 1-3-19, 10.26 AM.xcarchive/Products/Applications/Tower Diver.app/Frameworks/libswiftDispatch.dylib'>'>: {
}
2019-01-03 18:26:22 +0000  Writing entitlements for <IDEDistributionItem: 0x7f9237bf3410 'com.apple.dt.runtime.swiftDispatch' '<DVTFilePath:0x7f923782f060:'/Users/joeoliveira/Library/Developer/Xcode/Archives/2019-01-03/Tower Diver 1-3-19, 10.26 AM.xcarchive/Products/Applications/Tower Diver.app/Frameworks/libswiftDispatch.dylib'>'> to: /var/folders/rl/qt7ddmx51vg2714p2rz78r3m0000gn/T/XcodeDistPipeline.uGR/entitlements6g5QAF
2019-01-03 18:26:22 +0000  Running /usr/bin/codesign '-vvv' '--force' '--sign' '363B99BBB5E5C550CB84265498E448795BA84599' '--entitlements' '/var/folders/rl/qt7ddmx51vg2714p2rz78r3m0000gn/T/XcodeDistPipeline.uGR/entitlements6g5QAF' '--preserve-metadata=identifier,flags,runtime' '/var/folders/rl/qt7ddmx51vg2714p2rz78r3m0000gn/T/XcodeDistPipeline.uGR/Root/Payload/Tower Diver.app/Frameworks/libswiftDispatch.dylib'
2019-01-03 18:26:22 +0000  /var/folders/rl/qt7ddmx51vg2714p2rz78r3m0000gn/T/XcodeDistPipeline.uGR/Root/Payload/Tower Diver.app/Frameworks/libswiftDispatch.dylib: signed Mach-O universal (armv7 armv7s arm64) [com.apple.dt.runtime.swiftDispatch]
2019-01-03 18:26:22 +0000  /usr/bin/codesign exited with 0
2019-01-03 18:26:22 +0000  Entitlements for <IDEDistributionItem: 0x7f924f700660 'com.apple.dt.runtime.swiftFoundation' '<DVTFilePath:0x7f9239684990:'/Users/joeoliveira/Library/Developer/Xcode/Archives/2019-01-03/Tower Diver 1-3-19, 10.26 AM.xcarchive/Products/Applications/Tower Diver.app/Frameworks/libswiftFoundation.dylib'>'>: {
}
2019-01-03 18:26:22 +0000  Writing entitlements for <IDEDistributionItem: 0x7f924f700660 'com.apple.dt.runtime.swiftFoundation' '<DVTFilePath:0x7f9239684990:'/Users/joeoliveira/Library/Developer/Xcode/Archives/2019-01-03/Tower Diver 1-3-19, 10.26 AM.xcarchive/Products/Applications/Tower Diver.app/Frameworks/libswiftFoundation.dylib'>'> to: /var/folders/rl/qt7ddmx51vg2714p2rz78r3m0000gn/T/XcodeDistPipeline.uGR/entitlementsYXYGUD
2019-01-03 18:26:22 +0000  Running /usr/bin/codesign '-vvv' '--force' '--sign' '363B99BBB5E5C550CB84265498E448795BA84599' '--entitlements' '/var/folders/rl/qt7ddmx51vg2714p2rz78r3m0000gn/T/XcodeDistPipeline.uGR/entitlementsYXYGUD' '--preserve-metadata=identifier,flags,runtime' '/var/folders/rl/qt7ddmx51vg2714p2rz78r3m0000gn/T/XcodeDistPipeline.uGR/Root/Payload/Tower Diver.app/Frameworks/libswiftFoundation.dylib'
2019-01-03 18:26:23 +0000  /var/folders/rl/qt7ddmx51vg2714p2rz78r3m0000gn/T/XcodeDistPipeline.uGR/Root/Payload/Tower Diver.app/Frameworks/libswiftFoundation.dylib: signed Mach-O universal (armv7 armv7s arm64) [com.apple.dt.runtime.swiftFoundation]
2019-01-03 18:26:23 +0000  /usr/bin/codesign exited with 0
2019-01-03 18:26:23 +0000  Entitlements for <IDEDistributionItem: 0x7f9237270e10 'com.apple.dt.runtime.swiftMetal' '<DVTFilePath:0x7f923941a970:'/Users/joeoliveira/Library/Developer/Xcode/Archives/2019-01-03/Tower Diver 1-3-19, 10.26 AM.xcarchive/Products/Applications/Tower Diver.app/Frameworks/libswiftMetal.dylib'>'>: {
}
2019-01-03 18:26:23 +0000  Writing entitlements for <IDEDistributionItem: 0x7f9237270e10 'com.apple.dt.runtime.swiftMetal' '<DVTFilePath:0x7f923941a970:'/Users/joeoliveira/Library/Developer/Xcode/Archives/2019-01-03/Tower Diver 1-3-19, 10.26 AM.xcarchive/Products/Applications/Tower Diver.app/Frameworks/libswiftMetal.dylib'>'> to: /var/folders/rl/qt7ddmx51vg2714p2rz78r3m0000gn/T/XcodeDistPipeline.uGR/entitlementsjjfEs0
2019-01-03 18:26:23 +0000  Running /usr/bin/codesign '-vvv' '--force' '--sign' '363B99BBB5E5C550CB84265498E448795BA84599' '--entitlements' '/var/folders/rl/qt7ddmx51vg2714p2rz78r3m0000gn/T/XcodeDistPipeline.uGR/entitlementsjjfEs0' '--preserve-metadata=identifier,flags,runtime' '/var/folders/rl/qt7ddmx51vg2714p2rz78r3m0000gn/T/XcodeDistPipeline.uGR/Root/Payload/Tower Diver.app/Frameworks/libswiftMetal.dylib'
2019-01-03 18:26:23 +0000  /var/folders/rl/qt7ddmx51vg2714p2rz78r3m0000gn/T/XcodeDistPipeline.uGR/Root/Payload/Tower Diver.app/Frameworks/libswiftMetal.dylib: signed Mach-O universal (armv7 armv7s arm64) [com.apple.dt.runtime.swiftMetal]
2019-01-03 18:26:23 +0000  /usr/bin/codesign exited with 0
2019-01-03 18:26:23 +0000  Entitlements for <IDEDistributionItem: 0x7f923783a370 'com.apple.dt.runtime.swiftObjectiveC' '<DVTFilePath:0x7f924f4d2080:'/Users/joeoliveira/Library/Developer/Xcode/Archives/2019-01-03/Tower Diver 1-3-19, 10.26 AM.xcarchive/Products/Applications/Tower Diver.app/Frameworks/libswiftObjectiveC.dylib'>'>: {
}
2019-01-03 18:26:23 +0000  Writing entitlements for <IDEDistributionItem: 0x7f923783a370 'com.apple.dt.runtime.swiftObjectiveC' '<DVTFilePath:0x7f924f4d2080:'/Users/joeoliveira/Library/Developer/Xcode/Archives/2019-01-03/Tower Diver 1-3-19, 10.26 AM.xcarchive/Products/Applications/Tower Diver.app/Frameworks/libswiftObjectiveC.dylib'>'> to: /var/folders/rl/qt7ddmx51vg2714p2rz78r3m0000gn/T/XcodeDistPipeline.uGR/entitlementsABwRng
2019-01-03 18:26:23 +0000  Running /usr/bin/codesign '-vvv' '--force' '--sign' '363B99BBB5E5C550CB84265498E448795BA84599' '--entitlements' '/var/folders/rl/qt7ddmx51vg2714p2rz78r3m0000gn/T/XcodeDistPipeline.uGR/entitlementsABwRng' '--preserve-metadata=identifier,flags,runtime' '/var/folders/rl/qt7ddmx51vg2714p2rz78r3m0000gn/T/XcodeDistPipeline.uGR/Root/Payload/Tower Diver.app/Frameworks/libswiftObjectiveC.dylib'
2019-01-03 18:26:23 +0000  /var/folders/rl/qt7ddmx51vg2714p2rz78r3m0000gn/T/XcodeDistPipeline.uGR/Root/Payload/Tower Diver.app/Frameworks/libswiftObjectiveC.dylib: signed Mach-O universal (armv7 armv7s arm64) [com.apple.dt.runtime.swiftObjectiveC]
2019-01-03 18:26:23 +0000  /usr/bin/codesign exited with 0
2019-01-03 18:26:23 +0000  Entitlements for <IDEDistributionItem: 0x7f92396cc030 'com.apple.dt.runtime.swiftQuartzCore' '<DVTFilePath:0x7f9255f38de0:'/Users/joeoliveira/Library/Developer/Xcode/Archives/2019-01-03/Tower Diver 1-3-19, 10.26 AM.xcarchive/Products/Applications/Tower Diver.app/Frameworks/libswiftQuartzCore.dylib'>'>: {
}
2019-01-03 18:26:23 +0000  Writing entitlements for <IDEDistributionItem: 0x7f92396cc030 'com.apple.dt.runtime.swiftQuartzCore' '<DVTFilePath:0x7f9255f38de0:'/Users/joeoliveira/Library/Developer/Xcode/Archives/2019-01-03/Tower Diver 1-3-19, 10.26 AM.xcarchive/Products/Applications/Tower Diver.app/Frameworks/libswiftQuartzCore.dylib'>'> to: /var/folders/rl/qt7ddmx51vg2714p2rz78r3m0000gn/T/XcodeDistPipeline.uGR/entitlementsVHSDTk
2019-01-03 18:26:23 +0000  Running /usr/bin/codesign '-vvv' '--force' '--sign' '363B99BBB5E5C550CB84265498E448795BA84599' '--entitlements' '/var/folders/rl/qt7ddmx51vg2714p2rz78r3m0000gn/T/XcodeDistPipeline.uGR/entitlementsVHSDTk' '--preserve-metadata=identifier,flags,runtime' '/var/folders/rl/qt7ddmx51vg2714p2rz78r3m0000gn/T/XcodeDistPipeline.uGR/Root/Payload/Tower Diver.app/Frameworks/libswiftQuartzCore.dylib'
2019-01-03 18:26:23 +0000  /var/folders/rl/qt7ddmx51vg2714p2rz78r3m0000gn/T/XcodeDistPipeline.uGR/Root/Payload/Tower Diver.app/Frameworks/libswiftQuartzCore.dylib: signed Mach-O universal (armv7 armv7s arm64) [com.apple.dt.runtime.swiftQuartzCore]
2019-01-03 18:26:23 +0000  /usr/bin/codesign exited with 0
2019-01-03 18:26:23 +0000  Entitlements for <IDEDistributionItem: 0x7f923953f3d0 'com.apple.dt.runtime.swiftUIKit' '<DVTFilePath:0x7f9250d89e60:'/Users/joeoliveira/Library/Developer/Xcode/Archives/2019-01-03/Tower Diver 1-3-19, 10.26 AM.xcarchive/Products/Applications/Tower Diver.app/Frameworks/libswiftUIKit.dylib'>'>: {
}
2019-01-03 18:26:23 +0000  Writing entitlements for <IDEDistributionItem: 0x7f923953f3d0 'com.apple.dt.runtime.swiftUIKit' '<DVTFilePath:0x7f9250d89e60:'/Users/joeoliveira/Library/Developer/Xcode/Archives/2019-01-03/Tower Diver 1-3-19, 10.26 AM.xcarchive/Products/Applications/Tower Diver.app/Frameworks/libswiftUIKit.dylib'>'> to: /var/folders/rl/qt7ddmx51vg2714p2rz78r3m0000gn/T/XcodeDistPipeline.uGR/entitlementscKWezm
2019-01-03 18:26:23 +0000  Running /usr/bin/codesign '-vvv' '--force' '--sign' '363B99BBB5E5C550CB84265498E448795BA84599' '--entitlements' '/var/folders/rl/qt7ddmx51vg2714p2rz78r3m0000gn/T/XcodeDistPipeline.uGR/entitlementscKWezm' '--preserve-metadata=identifier,flags,runtime' '/var/folders/rl/qt7ddmx51vg2714p2rz78r3m0000gn/T/XcodeDistPipeline.uGR/Root/Payload/Tower Diver.app/Frameworks/libswiftUIKit.dylib'
2019-01-03 18:26:23 +0000  /var/folders/rl/qt7ddmx51vg2714p2rz78r3m0000gn/T/XcodeDistPipeline.uGR/Root/Payload/Tower Diver.app/Frameworks/libswiftUIKit.dylib: signed Mach-O universal (armv7 armv7s arm64) [com.apple.dt.runtime.swiftUIKit]
2019-01-03 18:26:23 +0000  /usr/bin/codesign exited with 0
2019-01-03 18:26:23 +0000  Entitlements for <IDEDistributionItem: 0x7f9251b71a20 'com.apple.dt.runtime.swiftos' '<DVTFilePath:0x7f9237cdcb80:'/Users/joeoliveira/Library/Developer/Xcode/Archives/2019-01-03/Tower Diver 1-3-19, 10.26 AM.xcarchive/Products/Applications/Tower Diver.app/Frameworks/libswiftos.dylib'>'>: {
}
2019-01-03 18:26:23 +0000  Writing entitlements for <IDEDistributionItem: 0x7f9251b71a20 'com.apple.dt.runtime.swiftos' '<DVTFilePath:0x7f9237cdcb80:'/Users/joeoliveira/Library/Developer/Xcode/Archives/2019-01-03/Tower Diver 1-3-19, 10.26 AM.xcarchive/Products/Applications/Tower Diver.app/Frameworks/libswiftos.dylib'>'> to: /var/folders/rl/qt7ddmx51vg2714p2rz78r3m0000gn/T/XcodeDistPipeline.uGR/entitlements1EadrS
2019-01-03 18:26:23 +0000  Running /usr/bin/codesign '-vvv' '--force' '--sign' '363B99BBB5E5C550CB84265498E448795BA84599' '--entitlements' '/var/folders/rl/qt7ddmx51vg2714p2rz78r3m0000gn/T/XcodeDistPipeline.uGR/entitlements1EadrS' '--preserve-metadata=identifier,flags,runtime' '/var/folders/rl/qt7ddmx51vg2714p2rz78r3m0000gn/T/XcodeDistPipeline.uGR/Root/Payload/Tower Diver.app/Frameworks/libswiftos.dylib'
2019-01-03 18:26:23 +0000  /var/folders/rl/qt7ddmx51vg2714p2rz78r3m0000gn/T/XcodeDistPipeline.uGR/Root/Payload/Tower Diver.app/Frameworks/libswiftos.dylib: signed Mach-O universal (armv7 armv7s arm64) [com.apple.dt.runtime.swiftos]
2019-01-03 18:26:23 +0000  /usr/bin/codesign exited with 0
2019-01-03 18:26:23 +0000  Entitlements for <IDEDistributionItem: 0x7f924f762290 'com.AltApps.Tower-Diver' '<DVTFilePath:0x7f9251647210:'/Users/joeoliveira/Library/Developer/Xcode/Archives/2019-01-03/Tower Diver 1-3-19, 10.26 AM.xcarchive/Products/Applications/Tower Diver.app'>'>: {
    "application-identifier" = "6BB42LR4PM.com.AltApps.Tower-Diver";
    "com.apple.developer.team-identifier" = 6BB42LR4PM;
    "get-task-allow" = 0;
    "keychain-access-groups" =     (
        "6BB42LR4PM.com.AltApps.Tower-Diver"
    );
}
2019-01-03 18:26:23 +0000  Writing entitlements for <IDEDistributionItem: 0x7f924f762290 'com.AltApps.Tower-Diver' '<DVTFilePath:0x7f9251647210:'/Users/joeoliveira/Library/Developer/Xcode/Archives/2019-01-03/Tower Diver 1-3-19, 10.26 AM.xcarchive/Products/Applications/Tower Diver.app'>'> to: /var/folders/rl/qt7ddmx51vg2714p2rz78r3m0000gn/T/XcodeDistPipeline.uGR/entitlementsYzQdWA
2019-01-03 18:26:23 +0000  Running /usr/bin/codesign '-vvv' '--force' '--sign' '363B99BBB5E5C550CB84265498E448795BA84599' '--entitlements' '/var/folders/rl/qt7ddmx51vg2714p2rz78r3m0000gn/T/XcodeDistPipeline.uGR/entitlementsYzQdWA' '--preserve-metadata=identifier,flags,runtime' '/var/folders/rl/qt7ddmx51vg2714p2rz78r3m0000gn/T/XcodeDistPipeline.uGR/Root/Payload/Tower Diver.app'
2019-01-03 18:26:24 +0000  /var/folders/rl/qt7ddmx51vg2714p2rz78r3m0000gn/T/XcodeDistPipeline.uGR/Root/Payload/Tower Diver.app: signed app bundle with Mach-O universal (armv7 arm64) [com.AltApps.Tower-Diver]
2019-01-03 18:26:24 +0000  /usr/bin/codesign exited with 0
2019-01-03 18:26:24 +0000  Processing step: IDEDistributionZipODRItemStep
2019-01-03 18:26:24 +0000  Skipping step: IDEDistributionZipODRItemStep because it said so
2019-01-03 18:26:24 +0000  Skipping step: IDEDistributionZipODRItemStep because it said so
2019-01-03 18:26:24 +0000  Skipping step: IDEDistributionZipODRItemStep because it said so
2019-01-03 18:26:24 +0000  Skipping step: IDEDistributionZipODRItemStep because it said so
2019-01-03 18:26:24 +0000  Skipping step: IDEDistributionZipODRItemStep because it said so
2019-01-03 18:26:24 +0000  Skipping step: IDEDistributionZipODRItemStep because it said so
2019-01-03 18:26:24 +0000  Skipping step: IDEDistributionZipODRItemStep because it said so
2019-01-03 18:26:24 +0000  Skipping step: IDEDistributionZipODRItemStep because it said so
2019-01-03 18:26:24 +0000  Skipping step: IDEDistributionZipODRItemStep because it said so
2019-01-03 18:26:24 +0000  Skipping step: IDEDistributionZipODRItemStep because it said so
2019-01-03 18:26:24 +0000  Skipping step: IDEDistributionZipODRItemStep because it said so
2019-01-03 18:26:24 +0000  Skipping step: IDEDistributionZipODRItemStep because it said so
2019-01-03 18:26:24 +0000  Skipping step: IDEDistributionZipODRItemStep because it said so
2019-01-03 18:26:24 +0000  Skipping step: IDEDistributionZipODRItemStep because it said so
2019-01-03 18:26:24 +0000  Processing step: IDEDistributionCreateIPAStep
2019-01-03 18:26:24 +0000  Running /usr/bin/ditto '-V' '-c' '-k' '--norsrc' '/var/folders/rl/qt7ddmx51vg2714p2rz78r3m0000gn/T/XcodeDistPipeline.uGR/Root' '/var/folders/rl/qt7ddmx51vg2714p2rz78r3m0000gn/T/XcodeDistPipeline.uGR/Packages/Tower Diver.ipa'
2019-01-03 18:26:24 +0000  >>> Copying /var/folders/rl/qt7ddmx51vg2714p2rz78r3m0000gn/T/XcodeDistPipeline.uGR/Root 
2019-01-03 18:26:24 +0000  copying file ./Payload/Tower Diver.app/Asura.png ... 
2019-01-03 18:26:24 +0000  93347 bytes for ./Payload/Tower Diver.app/Asura.png
2019-01-03 18:26:24 +0000  copying file ./Payload/Tower Diver.app/_CodeSignature/CodeResources ... 
2019-01-03 18:26:24 +0000  45103 bytes for ./Payload/Tower Diver.app/_CodeSignature/CodeResources
2019-01-03 18:26:24 +0000  copying file ./Payload/Tower Diver.app/Tent.png ... 
2019-01-03 18:26:24 +0000  2138082 bytes for ./Payload/Tower Diver.app/Tent.png
copying file ./Payload/Tower Diver.app/Rogue.png ... 
2019-01-03 18:26:24 +0000  33127 bytes for ./Payload/Tower Diver.app/Rogue.png
copying file ./Payload/Tower Diver.app/Ice Sorceress.png ... 
2019-01-03 18:26:24 +0000  1561573 bytes for ./Payload/Tower Diver.app/Ice Sorceress.png
copying file ./Payload/Tower Diver.app/Ifrit.png ... 
2019-01-03 18:26:24 +0000  168169 bytes for ./Payload/Tower Diver.app/Ifrit.png
copying file ./Payload/Tower Diver.app/Weapons.png ... 
2019-01-03 18:26:24 +0000  696215 bytes for ./Payload/Tower Diver.app/Weapons.png
copying file ./Payload/Tower Diver.app/Windspirit.png ... 
2019-01-03 18:26:24 +0000  177422 bytes for ./Payload/Tower Diver.app/Windspirit.png
copying file ./Payload/Tower Diver.app/Plant.png ... 
2019-01-03 18:26:24 +0000  52695 bytes for ./Payload/Tower Diver.app/Plant.png
copying file ./Payload/Tower Diver.app/Lamia.png ... 
2019-01-03 18:26:24 +0000  104764 bytes for ./Payload/Tower Diver.app/Lamia.png
copying file ./Payload/Tower Diver.app/Spider.png ... 
2019-01-03 18:26:24 +0000  52012 bytes for ./Payload/Tower Diver.app/Spider.png
copying file ./Payload/Tower Diver.app/Hero_m.png ... 
2019-01-03 18:26:24 +0000  52822 bytes for ./Payload/Tower Diver.app/Hero_m.png
copying file ./Payload/Tower Diver.app/Assassin.png ... 
2019-01-03 18:26:24 +0000  30053 bytes for ./Payload/Tower Diver.app/Assassin.png
copying file ./Payload/Tower Diver.app/Title.png ... 
2019-01-03 18:26:24 +0000  24357 bytes for ./Payload/Tower Diver.app/Title.png
2019-01-03 18:26:24 +0000  copying file ./Payload/Tower Diver.app/Soldier.png ... 
2019-01-03 18:26:24 +0000  30413 bytes for ./Payload/Tower Diver.app/Soldier.png
copying file ./Payload/Tower Diver.app/Ogre.png ... 
2019-01-03 18:26:24 +0000  115765 bytes for ./Payload/Tower Diver.app/Ogre.png
copying file ./Payload/Tower Diver.app/Trap.png ... 
2019-01-03 18:26:24 +0000  453962 bytes for ./Payload/Tower Diver.app/Trap.png
copying file ./Payload/Tower Diver.app/TreasureChest.png ... 
2019-01-03 18:26:24 +0000  161778 bytes for ./Payload/Tower Diver.app/TreasureChest.png
2019-01-03 18:26:24 +0000  copying file ./Payload/Tower Diver.app/Bricks.png ... 
1337 bytes for ./Payload/Tower Diver.app/Bricks.png
copying file ./Payload/Tower Diver.app/Potion.png ... 
2019-01-03 18:26:24 +0000  4241788 bytes for ./Payload/Tower Diver.app/Potion.png
copying file ./Payload/Tower Diver.app/Orc.png ... 
2019-01-03 18:26:24 +0000  32443 bytes for ./Payload/Tower Diver.app/Orc.png
copying file ./Payload/Tower Diver.app/Kerberos.png ... 
40046 bytes for ./Payload/Tower Diver.app/Kerberos.png
copying file ./Payload/Tower Diver.app/Minotaur.png ... 
2019-01-03 18:26:24 +0000  3287051 bytes for ./Payload/Tower Diver.app/Minotaur.png
copying file ./Payload/Tower Diver.app/Mage.png ... 
2019-01-03 18:26:24 +0000  52600 bytes for ./Payload/Tower Diver.app/Mage.png
copying file ./Payload/Tower Diver.app/Thief_m.png ... 
2019-01-03 18:26:24 +0000  31347 bytes for ./Payload/Tower Diver.app/Thief_m.png
copying file ./Payload/Tower Diver.app/HellBricks.png ... 
2019-01-03 18:26:24 +0000  1280 bytes for ./Payload/Tower Diver.app/HellBricks.png
copying file ./Payload/Tower Diver.app/Thief.png ... 
2019-01-03 18:26:24 +0000  30347 bytes for ./Payload/Tower Diver.app/Thief.png
copying file ./Payload/Tower Diver.app/Waterspirit.png ... 
2019-01-03 18:26:24 +0000  86039 bytes for ./Payload/Tower Diver.app/Waterspirit.png
copying file ./Payload/Tower Diver.app/Treasure Mimic.png ... 
2019-01-03 18:26:24 +0000  2235268 bytes for ./Payload/Tower Diver.app/Treasure Mimic.png
copying file ./Payload/Tower Diver.app/Goddess.png ... 
2019-01-03 18:26:24 +0000  91119 bytes for ./Payload/Tower Diver.app/Goddess.png
copying file ./Payload/Tower Diver.app/Cleric_f.png ... 
2019-01-03 18:26:24 +0000  39436 bytes for ./Payload/Tower Diver.app/Cleric_f.png
copying file ./Payload/Tower Diver.app/Wizard.png ... 
2019-01-03 18:26:24 +0000  704965 bytes for ./Payload/Tower Diver.app/Wizard.png
copying file ./Payload/Tower Diver.app/Rat.png ... 
2019-01-03 18:26:24 +0000  15746 bytes for ./Payload/Tower Diver.app/Rat.png
copying file ./Payload/Tower Diver.app/Warrior.png ... 
2019-01-03 18:26:24 +0000  32486 bytes for ./Payload/Tower Diver.app/Warrior.png
copying file ./Payload/Tower Diver.app/Priest.png ... 
2019-01-03 18:26:24 +0000  50658 bytes for ./Payload/Tower Diver.app/Priest.png
2019-01-03 18:26:24 +0000  copying file ./Payload/Tower Diver.app/Curse.jpg ... 
2019-01-03 18:26:24 +0000  13847 bytes for ./Payload/Tower Diver.app/Curse.jpg
copying file ./Payload/Tower Diver.app/Curse.png ... 
2019-01-03 18:26:24 +0000  2321135 bytes for ./Payload/Tower Diver.app/Curse.png
copying file ./Payload/Tower Diver.app/BadMerchant.png ... 
2019-01-03 18:26:24 +0000  1309071 bytes for ./Payload/Tower Diver.app/BadMerchant.png
copying file ./Payload/Tower Diver.app/Paladin_m.png ... 
2019-01-03 18:26:24 +0000  48275 bytes for ./Payload/Tower Diver.app/Paladin_m.png
copying file ./Payload/Tower Diver.app/Dragon.png ... 
2019-01-03 18:26:24 +0000  159512 bytes for ./Payload/Tower Diver.app/Dragon.png
copying file ./Payload/Tower Diver.app/Slime.png ... 
2019-01-03 18:26:25 +0000  796345 bytes for ./Payload/Tower Diver.app/Slime.png
copying file ./Payload/Tower Diver.app/Grappler_m.png ... 
2019-01-03 18:26:25 +0000  28188 bytes for ./Payload/Tower Diver.app/Grappler_m.png
2019-01-03 18:26:25 +0000  copying file ./Payload/Tower Diver.app/Angel.png ... 
2019-01-03 18:26:25 +0000  104019 bytes for ./Payload/Tower Diver.app/Angel.png
copying file ./Payload/Tower Diver.app/Swordman.png ... 
2019-01-03 18:26:25 +0000  45852 bytes for ./Payload/Tower Diver.app/Swordman.png
copying file ./Payload/Tower Diver.app/God.png ... 
2019-01-03 18:26:25 +0000  64049 bytes for ./Payload/Tower Diver.app/God.png
copying file ./Payload/Tower Diver.app/Puppet.png ... 
2019-01-03 18:26:25 +0000  14599 bytes for ./Payload/Tower Diver.app/Puppet.png
copying file ./Payload/Tower Diver.app/Hole.png ... 
2019-01-03 18:26:25 +0000  1545558 bytes for ./Payload/Tower Diver.app/Hole.png
copying file ./Payload/Tower Diver.app/Fairy.png ... 
2019-01-03 18:26:25 +0000  23875 bytes for ./Payload/Tower Diver.app/Fairy.png
copying file ./Payload/Tower Diver.app/Imp.png ... 
2019-01-03 18:26:25 +0000  14966 bytes for ./Payload/Tower Diver.app/Imp.png
copying file ./Payload/Tower Diver.app/Arrow.png ... 
2019-01-03 18:26:25 +0000  346185 bytes for ./Payload/Tower Diver.app/Arrow.png
copying file ./Payload/Tower Diver.app/Hamburger.png ... 
2019-01-03 18:26:25 +0000  158 bytes for ./Payload/Tower Diver.app/Hamburger.png
copying file ./Payload/Tower Diver.app/Fanatic.png ... 
2019-01-03 18:26:25 +0000  40353 bytes for ./Payload/Tower Diver.app/Fanatic.png
copying file ./Payload/Tower Diver.app/Captain.png ... 
2019-01-03 18:26:25 +0000  50115 bytes for ./Payload/Tower Diver.app/Captain.png
copying file ./Payload/Tower Diver.app/Delf_f.png ... 
2019-01-03 18:26:25 +0000  45125 bytes for ./Payload/Tower Diver.app/Delf_f.png
copying file ./Payload/Tower Diver.app/Werewolf.png ... 
2019-01-03 18:26:25 +0000  43666 bytes for ./Payload/Tower Diver.app/Werewolf.png
2019-01-03 18:26:25 +0000  copying file ./Payload/Tower Diver.app/Base.lproj/Main.storyboardc/FgF-B5-s2s-view-xAi-PX-m4T.nib/objects-11.0+.nib ... 
2019-01-03 18:26:25 +0000  7826 bytes for ./Payload/Tower Diver.app/Base.lproj/Main.storyboardc/FgF-B5-s2s-view-xAi-PX-m4T.nib/objects-11.0+.nib
copying file ./Payload/Tower Diver.app/Base.lproj/Main.storyboardc/FgF-B5-s2s-view-xAi-PX-m4T.nib/runtime.nib ... 
2019-01-03 18:26:25 +0000  7967 bytes for ./Payload/Tower Diver.app/Base.lproj/Main.storyboardc/FgF-B5-s2s-view-xAi-PX-m4T.nib/runtime.nib
2019-01-03 18:26:25 +0000  copying file ./Payload/Tower Diver.app/Base.lproj/Main.storyboardc/UIViewController-BYZ-38-t0r.nib/objects-11.0+.nib ... 
1365 bytes for ./Payload/Tower Diver.app/Base.lproj/Main.storyboardc/UIViewController-BYZ-38-t0r.nib/objects-11.0+.nib
2019-01-03 18:26:25 +0000  copying file ./Payload/Tower Diver.app/Base.lproj/Main.storyboardc/UIViewController-BYZ-38-t0r.nib/runtime.nib ... 
1365 bytes for ./Payload/Tower Diver.app/Base.lproj/Main.storyboardc/UIViewController-BYZ-38-t0r.nib/runtime.nib
copying file ./Payload/Tower Diver.app/Base.lproj/Main.storyboardc/8v4-7S-AZo-view-Ggr-FE-ezM.nib/objects-11.0+.nib ... 
2019-01-03 18:26:25 +0000  4952 bytes for ./Payload/Tower Diver.app/Base.lproj/Main.storyboardc/8v4-7S-AZo-view-Ggr-FE-ezM.nib/objects-11.0+.nib
copying file ./Payload/Tower Diver.app/Base.lproj/Main.storyboardc/8v4-7S-AZo-view-Ggr-FE-ezM.nib/runtime.nib ... 
2019-01-03 18:26:25 +0000  5087 bytes for ./Payload/Tower Diver.app/Base.lproj/Main.storyboardc/8v4-7S-AZo-view-Ggr-FE-ezM.nib/runtime.nib
2019-01-03 18:26:25 +0000  copying file ./Payload/Tower Diver.app/Base.lproj/Main.storyboardc/CharacterCreation.nib/objects-11.0+.nib ... 
1326 bytes for ./Payload/Tower Diver.app/Base.lproj/Main.storyboardc/CharacterCreation.nib/objects-11.0+.nib
copying file ./Payload/Tower Diver.app/Base.lproj/Main.storyboardc/CharacterCreation.nib/runtime.nib ... 
2019-01-03 18:26:25 +0000  1326 bytes for ./Payload/Tower Diver.app/Base.lproj/Main.storyboardc/CharacterCreation.nib/runtime.nib
copying file ./Payload/Tower Diver.app/Base.lproj/Main.storyboardc/BYZ-38-t0r-view-8bC-Xf-vdC.nib/objects-11.0+.nib ... 
2019-01-03 18:26:25 +0000  10660 bytes for ./Payload/Tower Diver.app/Base.lproj/Main.storyboardc/BYZ-38-t0r-view-8bC-Xf-vdC.nib/objects-11.0+.nib
copying file ./Payload/Tower Diver.app/Base.lproj/Main.storyboardc/BYZ-38-t0r-view-8bC-Xf-vdC.nib/runtime.nib ... 
2019-01-03 18:26:25 +0000  10780 bytes for ./Payload/Tower Diver.app/Base.lproj/Main.storyboardc/BYZ-38-t0r-view-8bC-Xf-vdC.nib/runtime.nib
2019-01-03 18:26:25 +0000  copying file ./Payload/Tower Diver.app/Base.lproj/Main.storyboardc/TitleScreen.nib/objects-11.0+.nib ... 
1326 bytes for ./Payload/Tower Diver.app/Base.lproj/Main.storyboardc/TitleScreen.nib/objects-11.0+.nib
copying file ./Payload/Tower Diver.app/Base.lproj/Main.storyboardc/TitleScreen.nib/runtime.nib ... 
2019-01-03 18:26:25 +0000  1326 bytes for ./Payload/Tower Diver.app/Base.lproj/Main.storyboardc/TitleScreen.nib/runtime.nib
copying file ./Payload/Tower Diver.app/Base.lproj/Main.storyboardc/9fh-Sz-7Rt-view-0Fd-fM-l54.nib/objects-11.0+.nib ... 
2019-01-03 18:26:25 +0000  10617 bytes for ./Payload/Tower Diver.app/Base.lproj/Main.storyboardc/9fh-Sz-7Rt-view-0Fd-fM-l54.nib/objects-11.0+.nib
copying file ./Payload/Tower Diver.app/Base.lproj/Main.storyboardc/9fh-Sz-7Rt-view-0Fd-fM-l54.nib/runtime.nib ... 
2019-01-03 18:26:25 +0000  10733 bytes for ./Payload/Tower Diver.app/Base.lproj/Main.storyboardc/9fh-Sz-7Rt-view-0Fd-fM-l54.nib/runtime.nib
2019-01-03 18:26:25 +0000  copying file ./Payload/Tower Diver.app/Base.lproj/Main.storyboardc/UINavigationController-ckv-aE-aSr.nib/objects-11.0+.nib ... 
2211 bytes for ./Payload/Tower Diver.app/Base.lproj/Main.storyboardc/UINavigationController-ckv-aE-aSr.nib/objects-11.0+.nib
2019-01-03 18:26:25 +0000  copying file ./Payload/Tower Diver.app/Base.lproj/Main.storyboardc/UINavigationController-ckv-aE-aSr.nib/runtime.nib ... 
2211 bytes for ./Payload/Tower Diver.app/Base.lproj/Main.storyboardc/UINavigationController-ckv-aE-aSr.nib/runtime.nib
2019-01-03 18:26:25 +0000  copying file ./Payload/Tower Diver.app/Base.lproj/Main.storyboardc/CharacterCreation2.nib/objects-11.0+.nib ... 
1288 bytes for ./Payload/Tower Diver.app/Base.lproj/Main.storyboardc/CharacterCreation2.nib/objects-11.0+.nib
2019-01-03 18:26:25 +0000  copying file ./Payload/Tower Diver.app/Base.lproj/Main.storyboardc/CharacterCreation2.nib/runtime.nib ... 
2019-01-03 18:26:25 +0000  1288 bytes for ./Payload/Tower Diver.app/Base.lproj/Main.storyboardc/CharacterCreation2.nib/runtime.nib
copying file ./Payload/Tower Diver.app/Base.lproj/Main.storyboardc/Info.plist ... 
437 bytes for ./Payload/Tower Diver.app/Base.lproj/Main.storyboardc/Info.plist
copying file ./Payload/Tower Diver.app/Base.lproj/Main.storyboardc/PrU-7q-6s7-view-Oj6-Z3-AgI.nib/objects-11.0+.nib ... 
2019-01-03 18:26:25 +0000  10652 bytes for ./Payload/Tower Diver.app/Base.lproj/Main.storyboardc/PrU-7q-6s7-view-Oj6-Z3-AgI.nib/objects-11.0+.nib
copying file ./Payload/Tower Diver.app/Base.lproj/Main.storyboardc/PrU-7q-6s7-view-Oj6-Z3-AgI.nib/runtime.nib ... 
2019-01-03 18:26:25 +0000  10706 bytes for ./Payload/Tower Diver.app/Base.lproj/Main.storyboardc/PrU-7q-6s7-view-Oj6-Z3-AgI.nib/runtime.nib
2019-01-03 18:26:25 +0000  copying file ./Payload/Tower Diver.app/Base.lproj/LaunchScreen.storyboardc/01J-lp-oVM-view-Ze5-6b-2t3.nib ... 
1985 bytes for ./Payload/Tower Diver.app/Base.lproj/LaunchScreen.storyboardc/01J-lp-oVM-view-Ze5-6b-2t3.nib
2019-01-03 18:26:25 +0000  copying file ./Payload/Tower Diver.app/Base.lproj/LaunchScreen.storyboardc/UIViewController-01J-lp-oVM.nib ... 
2019-01-03 18:26:25 +0000  832 bytes for ./Payload/Tower Diver.app/Base.lproj/LaunchScreen.storyboardc/UIViewController-01J-lp-oVM.nib
copying file ./Payload/Tower Diver.app/Base.lproj/LaunchScreen.storyboardc/Info.plist ... 
258 bytes for ./Payload/Tower Diver.app/Base.lproj/LaunchScreen.storyboardc/Info.plist
2019-01-03 18:26:25 +0000  copying file ./Payload/Tower Diver.app/Ghost.png ... 
2019-01-03 18:26:25 +0000  36676 bytes for ./Payload/Tower Diver.app/Ghost.png
2019-01-03 18:26:25 +0000  copying file ./Payload/Tower Diver.app/Scythe.png ... 
2019-01-03 18:26:25 +0000  234395 bytes for ./Payload/Tower Diver.app/Scythe.png
copying file ./Payload/Tower Diver.app/Evilgod.png ... 
2019-01-03 18:26:25 +0000  201557 bytes for ./Payload/Tower Diver.app/Evilgod.png
2019-01-03 18:26:25 +0000  copying file ./Payload/Tower Diver.app/Willowisp.png ... 
2019-01-03 18:26:25 +0000  34577 bytes for ./Payload/Tower Diver.app/Willowisp.png
copying file ./Payload/Tower Diver.app/Grappler_f.png ... 
2019-01-03 18:26:25 +0000  23201 bytes for ./Payload/Tower Diver.app/Grappler_f.png
copying file ./Payload/Tower Diver.app/Sack Mimic.png ... 
2019-01-03 18:26:25 +0000  835152 bytes for ./Payload/Tower Diver.app/Sack Mimic.png
copying file ./Payload/Tower Diver.app/TitleScreen.png ... 
2019-01-03 18:26:25 +0000  875648 bytes for ./Payload/Tower Diver.app/TitleScreen.png
copying file ./Payload/Tower Diver.app/Garuda.png ... 
2019-01-03 18:26:25 +0000  196413 bytes for ./Payload/Tower Diver.app/Garuda.png
2019-01-03 18:26:25 +0000  copying file ./Payload/Tower Diver.app/Darklord.png ... 
2019-01-03 18:26:25 +0000  199424 bytes for ./Payload/Tower Diver.app/Darklord.png
copying file ./Payload/Tower Diver.app/Squirrel.png ... 
2019-01-03 18:26:25 +0000  724191 bytes for ./Payload/Tower Diver.app/Squirrel.png
copying file ./Payload/Tower Diver.app/Sword.png ... 
2019-01-03 18:26:25 +0000  282777 bytes for ./Payload/Tower Diver.app/Sword.png
copying file ./Payload/Tower Diver.app/Merchant.png ... 
2019-01-03 18:26:25 +0000  1305692 bytes for ./Payload/Tower Diver.app/Merchant.png
copying file ./Payload/Tower Diver.app/Elevator.png ... 
2019-01-03 18:26:25 +0000  1947905 bytes for ./Payload/Tower Diver.app/Elevator.png
copying file ./Payload/Tower Diver.app/Evilking.png ... 
2019-01-03 18:26:25 +0000  158564 bytes for ./Payload/Tower Diver.app/Evilking.png
copying file ./Payload/Tower Diver.app/Earthspirit.png ... 
2019-01-03 18:26:25 +0000  158623 bytes for ./Payload/Tower Diver.app/Earthspirit.png
copying file ./Payload/Tower Diver.app/Cleric_m.png ... 
2019-01-03 18:26:25 +0000  37636 bytes for ./Payload/Tower Diver.app/Cleric_m.png
2019-01-03 18:26:25 +0000  copying file ./Payload/Tower Diver.app/Dead.png ... 
2019-01-03 18:26:25 +0000  182175 bytes for ./Payload/Tower Diver.app/Dead.png
copying file ./Payload/Tower Diver.app/Chimera.png ... 
2019-01-03 18:26:25 +0000  125746 bytes for ./Payload/Tower Diver.app/Chimera.png
copying file ./Payload/Tower Diver.app/Behemoth.png ... 
2019-01-03 18:26:25 +0000  1777958 bytes for ./Payload/Tower Diver.app/Behemoth.png
copying file ./Payload/Tower Diver.app/Zombie.png ... 
2019-01-03 18:26:25 +0000  25058 bytes for ./Payload/Tower Diver.app/Zombie.png
copying file ./Payload/Tower Diver.app/Delf_m.png ... 
2019-01-03 18:26:25 +0000  29425 bytes for ./Payload/Tower Diver.app/Delf_m.png
2019-01-03 18:26:25 +0000  copying file ./Payload/Tower Diver.app/Goblin.png ... 
2019-01-03 18:26:25 +0000  32443 bytes for ./Payload/Tower Diver.app/Goblin.png
2019-01-03 18:26:25 +0000  copying file ./Payload/Tower Diver.app/Firespirit.png ... 
2019-01-03 18:26:25 +0000  152496 bytes for ./Payload/Tower Diver.app/Firespirit.png
copying file ./Payload/Tower Diver.app/Jellyfish.png ... 
2019-01-03 18:26:25 +0000  42504 bytes for ./Payload/Tower Diver.app/Jellyfish.png
copying file ./Payload/Tower Diver.app/Paladin.png ... 
2019-01-03 18:26:25 +0000  52195 bytes for ./Payload/Tower Diver.app/Paladin.png
2019-01-03 18:26:25 +0000  copying file ./Payload/Tower Diver.app/Hero_f.png ... 
2019-01-03 18:26:25 +0000  47667 bytes for ./Payload/Tower Diver.app/Hero_f.png
copying file ./Payload/Tower Diver.app/Succubus.png ... 
2019-01-03 18:26:25 +0000  675774 bytes for ./Payload/Tower Diver.app/Succubus.png
copying file ./Payload/Tower Diver.app/Bat.png ... 
2019-01-03 18:26:25 +0000  14278 bytes for ./Payload/Tower Diver.app/Bat.png
copying file ./Payload/Tower Diver.app/Star.png ... 
2019-01-03 18:26:25 +0000  228800 bytes for ./Payload/Tower Diver.app/Star.png
copying file ./Payload/Tower Diver.app/Tower Diver ... 
2019-01-03 18:26:25 +0000  531776 bytes for ./Payload/Tower Diver.app/Tower Diver
copying file ./Payload/Tower Diver.app/Fire Sorceress.png ... 
2019-01-03 18:26:25 +0000  1318698 bytes for ./Payload/Tower Diver.app/Fire Sorceress.png
copying file ./Payload/Tower Diver.app/Cockatrice.png ... 
2019-01-03 18:26:25 +0000  37546 bytes for ./Payload/Tower Diver.app/Cockatrice.png
copying file ./Payload/Tower Diver.app/Bandit.png ... 
30379 bytes for ./Payload/Tower Diver.app/Bandit.png
2019-01-03 18:26:25 +0000  copying file ./Payload/Tower Diver.app/Frameworks/libswiftCoreImage.dylib ... 
2019-01-03 18:26:25 +0000  251072 bytes for ./Payload/Tower Diver.app/Frameworks/libswiftCoreImage.dylib
copying file ./Payload/Tower Diver.app/Frameworks/libswiftObjectiveC.dylib ... 
2019-01-03 18:26:25 +0000  299616 bytes for ./Payload/Tower Diver.app/Frameworks/libswiftObjectiveC.dylib
copying file ./Payload/Tower Diver.app/Frameworks/libswiftCore.dylib ... 
2019-01-03 18:26:26 +0000  16705936 bytes for ./Payload/Tower Diver.app/Frameworks/libswiftCore.dylib
copying file ./Payload/Tower Diver.app/Frameworks/libswiftCoreGraphics.dylib ... 
2019-01-03 18:26:26 +0000  651808 bytes for ./Payload/Tower Diver.app/Frameworks/libswiftCoreGraphics.dylib
copying file ./Payload/Tower Diver.app/Frameworks/libswiftUIKit.dylib ... 
2019-01-03 18:26:26 +0000  527104 bytes for ./Payload/Tower Diver.app/Frameworks/libswiftUIKit.dylib
copying file ./Payload/Tower Diver.app/Frameworks/libswiftMetal.dylib ... 
2019-01-03 18:26:26 +0000  295712 bytes for ./Payload/Tower Diver.app/Frameworks/libswiftMetal.dylib
copying file ./Payload/Tower Diver.app/Frameworks/libswiftDispatch.dylib ... 
2019-01-03 18:26:26 +0000  1059216 bytes for ./Payload/Tower Diver.app/Frameworks/libswiftDispatch.dylib
copying file ./Payload/Tower Diver.app/Frameworks/libswiftos.dylib ... 
2019-01-03 18:26:26 +0000  299936 bytes for ./Payload/Tower Diver.app/Frameworks/libswiftos.dylib
copying file ./Payload/Tower Diver.app/Frameworks/libswiftCoreFoundation.dylib ... 
2019-01-03 18:26:26 +0000  250768 bytes for ./Payload/Tower Diver.app/Frameworks/libswiftCoreFoundation.dylib
copying file ./Payload/Tower Diver.app/Frameworks/libswiftDarwin.dylib ... 
2019-01-03 18:26:26 +0000  402976 bytes for ./Payload/Tower Diver.app/Frameworks/libswiftDarwin.dylib
copying file ./Payload/Tower Diver.app/Frameworks/libswiftQuartzCore.dylib ... 
2019-01-03 18:26:26 +0000  255104 bytes for ./Payload/Tower Diver.app/Frameworks/libswiftQuartzCore.dylib
copying file ./Payload/Tower Diver.app/Frameworks/libswiftFoundation.dylib ... 
2019-01-03 18:26:26 +0000  8352704 bytes for ./Payload/Tower Diver.app/Frameworks/libswiftFoundation.dylib
2019-01-03 18:26:26 +0000  copying file ./Payload/Tower Diver.app/Frameworks/SideMenu.framework/_CodeSignature/CodeResources ... 
1798 bytes for ./Payload/Tower Diver.app/Frameworks/SideMenu.framework/_CodeSignature/CodeResources
copying file ./Payload/Tower Diver.app/Frameworks/SideMenu.framework/SideMenu ... 
2019-01-03 18:26:26 +0000  835424 bytes for ./Payload/Tower Diver.app/Frameworks/SideMenu.framework/SideMenu
copying file ./Payload/Tower Diver.app/Frameworks/SideMenu.framework/Info.plist ... 
2019-01-03 18:26:26 +0000  736 bytes for ./Payload/Tower Diver.app/Frameworks/SideMenu.framework/Info.plist
copying file ./Payload/Tower Diver.app/Mark.png ... 
2019-01-03 18:26:26 +0000  89256 bytes for ./Payload/Tower Diver.app/Mark.png
copying file ./Payload/Tower Diver.app/Skeleton.png ... 
2019-01-03 18:26:26 +0000  42892 bytes for ./Payload/Tower Diver.app/Skeleton.png
copying file ./Payload/Tower Diver.app/QuestionMark_.png ... 
2019-01-03 18:26:26 +0000  4528 bytes for ./Payload/Tower Diver.app/QuestionMark_.png
copying file ./Payload/Tower Diver.app/General.png ... 
2019-01-03 18:26:26 +0000  62581 bytes for ./Payload/Tower Diver.app/General.png
copying file ./Payload/Tower Diver.app/embedded.mobileprovision ... 
2019-01-03 18:26:26 +0000  10292 bytes for ./Payload/Tower Diver.app/embedded.mobileprovision
copying file ./Payload/Tower Diver.app/Death.png ... 
2019-01-03 18:26:26 +0000  75725 bytes for ./Payload/Tower Diver.app/Death.png
copying file ./Payload/Tower Diver.app/Hornet.png ... 
2019-01-03 18:26:26 +0000  12908 bytes for ./Payload/Tower Diver.app/Hornet.png
copying file ./Payload/Tower Diver.app/Crown.png ... 
2019-01-03 18:26:26 +0000  421574 bytes for ./Payload/Tower Diver.app/Crown.png
copying file ./Payload/Tower Diver.app/Demon.png ... 
2019-01-03 18:26:26 +0000  195300 bytes for ./Payload/Tower Diver.app/Demon.png
copying file ./Payload/Tower Diver.app/Info.plist ... 
2019-01-03 18:26:26 +0000  1118 bytes for ./Payload/Tower Diver.app/Info.plist
copying file ./Payload/Tower Diver.app/Staff.png ... 
2019-01-03 18:26:26 +0000  205763 bytes for ./Payload/Tower Diver.app/Staff.png
copying file ./Payload/Tower Diver.app/Sahagin.png ... 
2019-01-03 18:26:26 +0000  41934 bytes for ./Payload/Tower Diver.app/Sahagin.png
copying file ./Payload/Tower Diver.app/Snake.png ... 
2019-01-03 18:26:26 +0000  42109 bytes for ./Payload/Tower Diver.app/Snake.png
copying file ./Payload/Tower Diver.app/Gargoyle.png ... 
2019-01-03 18:26:26 +0000  48774 bytes for ./Payload/Tower Diver.app/Gargoyle.png
copying file ./Payload/Tower Diver.app/PkgInfo ... 
2019-01-03 18:26:26 +0000  8 bytes for ./Payload/Tower Diver.app/PkgInfo
copying file ./Payload/Tower Diver.app/Scorpion.png ... 
2019-01-03 18:26:26 +0000  42816 bytes for ./Payload/Tower Diver.app/Scorpion.png
copying file ./Payload/Tower Diver.app/Gold.png ... 
2019-01-03 18:26:26 +0000  265315 bytes for ./Payload/Tower Diver.app/Gold.png
copying file ./Payload/Tower Diver.app/Vampire.png ... 
2019-01-03 18:26:26 +0000  59401 bytes for ./Payload/Tower Diver.app/Vampire.png
2019-01-03 18:26:26 +0000  copying file ./Payload/Tower Diver.app/Gayzer.png ... 
2019-01-03 18:26:26 +0000  51329 bytes for ./Payload/Tower Diver.app/Gayzer.png
2019-01-03 18:26:26 +0000  copying file ./AppThinning.plist ... 
228 bytes for ./AppThinning.plist
2019-01-03 18:26:26 +0000  /usr/bin/ditto exited with 0
2019-01-03 18:26:26 +0000  Processing step: IDEDistributionAppStoreInformationStep
2019-01-03 18:26:26 +0000  Skipping step: IDEDistributionAppStoreInformationStep because it said so
2019-01-03 18:26:26 +0000  Processing step: IDEDistributionCreateManifestStep
